{"C:\\Users\\flori\\Documents\\ADA\\Projet_ZoliBlog\\java_blog\\admin\\src\\api\\articles.ts": {"path":"C:\\Users\\flori\\Documents\\ADA\\Projet_ZoliBlog\\java_blog\\admin\\src\\api\\articles.ts","statementMap":{"0":{"start":{"line":24,"column":19},"end":{"line":26,"column":null}},"1":{"start":{"line":28,"column":2},"end":{"line":30,"column":null}},"2":{"start":{"line":29,"column":4},"end":{"line":29,"column":null}},"3":{"start":{"line":31,"column":2},"end":{"line":33,"column":null}},"4":{"start":{"line":32,"column":4},"end":{"line":32,"column":null}},"5":{"start":{"line":35,"column":2},"end":{"line":35,"column":null}},"6":{"start":{"line":39,"column":19},"end":{"line":41,"column":null}},"7":{"start":{"line":43,"column":2},"end":{"line":45,"column":null}},"8":{"start":{"line":44,"column":4},"end":{"line":44,"column":null}},"9":{"start":{"line":46,"column":2},"end":{"line":48,"column":null}},"10":{"start":{"line":47,"column":4},"end":{"line":47,"column":null}},"11":{"start":{"line":50,"column":2},"end":{"line":50,"column":null}},"12":{"start":{"line":57,"column":19},"end":{"line":57,"column":null}},"13":{"start":{"line":59,"column":2},"end":{"line":61,"column":null}},"14":{"start":{"line":60,"column":4},"end":{"line":60,"column":null}},"15":{"start":{"line":63,"column":2},"end":{"line":63,"column":null}},"16":{"start":{"line":67,"column":19},"end":{"line":71,"column":null}},"17":{"start":{"line":73,"column":2},"end":{"line":75,"column":null}},"18":{"start":{"line":74,"column":4},"end":{"line":74,"column":null}},"19":{"start":{"line":76,"column":2},"end":{"line":78,"column":null}},"20":{"start":{"line":77,"column":4},"end":{"line":77,"column":null}},"21":{"start":{"line":80,"column":2},"end":{"line":80,"column":null}},"22":{"start":{"line":84,"column":19},"end":{"line":88,"column":null}},"23":{"start":{"line":90,"column":2},"end":{"line":92,"column":null}},"24":{"start":{"line":91,"column":4},"end":{"line":91,"column":null}},"25":{"start":{"line":93,"column":2},"end":{"line":95,"column":null}},"26":{"start":{"line":94,"column":4},"end":{"line":94,"column":null}},"27":{"start":{"line":97,"column":2},"end":{"line":97,"column":null}},"28":{"start":{"line":101,"column":19},"end":{"line":103,"column":null}},"29":{"start":{"line":105,"column":2},"end":{"line":107,"column":null}},"30":{"start":{"line":106,"column":4},"end":{"line":106,"column":null}},"31":{"start":{"line":108,"column":2},"end":{"line":110,"column":null}},"32":{"start":{"line":109,"column":4},"end":{"line":109,"column":null}},"33":{"start":{"line":112,"column":2},"end":{"line":112,"column":null}},"34":{"start":{"line":116,"column":19},"end":{"line":120,"column":null}},"35":{"start":{"line":122,"column":2},"end":{"line":124,"column":null}},"36":{"start":{"line":123,"column":4},"end":{"line":123,"column":null}},"37":{"start":{"line":125,"column":2},"end":{"line":127,"column":null}},"38":{"start":{"line":126,"column":4},"end":{"line":126,"column":null}},"39":{"start":{"line":131,"column":2},"end":{"line":140,"column":null}},"40":{"start":{"line":133,"column":6},"end":{"line":138,"column":null}},"41":{"start":{"line":134,"column":27},"end":{"line":134,"column":null}},"42":{"start":{"line":135,"column":8},"end":{"line":135,"column":null}},"43":{"start":{"line":137,"column":8},"end":{"line":137,"column":null}},"44":{"start":{"line":144,"column":19},"end":{"line":147,"column":null}},"45":{"start":{"line":149,"column":2},"end":{"line":151,"column":null}},"46":{"start":{"line":150,"column":4},"end":{"line":150,"column":null}},"47":{"start":{"line":152,"column":2},"end":{"line":154,"column":null}},"48":{"start":{"line":153,"column":4},"end":{"line":153,"column":null}}},"fnMap":{"0":{"name":"fetchAllArticles","decl":{"start":{"line":23,"column":22},"end":{"line":23,"column":61}},"loc":{"start":{"line":23,"column":61},"end":{"line":36,"column":null}},"line":23},"1":{"name":"fetchArticleById","decl":{"start":{"line":38,"column":22},"end":{"line":38,"column":39}},"loc":{"start":{"line":38,"column":69},"end":{"line":51,"column":null}},"line":38},"2":{"name":"fetchRecentArticles","decl":{"start":{"line":56,"column":22},"end":{"line":56,"column":64}},"loc":{"start":{"line":56,"column":64},"end":{"line":64,"column":null}},"line":56},"3":{"name":"createArticle","decl":{"start":{"line":66,"column":22},"end":{"line":66,"column":36}},"loc":{"start":{"line":66,"column":85},"end":{"line":81,"column":null}},"line":66},"4":{"name":"updateArticle","decl":{"start":{"line":83,"column":22},"end":{"line":83,"column":36}},"loc":{"start":{"line":83,"column":97},"end":{"line":98,"column":null}},"line":83},"5":{"name":"fetchArticleCategories","decl":{"start":{"line":100,"column":22},"end":{"line":100,"column":45}},"loc":{"start":{"line":100,"column":85},"end":{"line":113,"column":null}},"line":100},"6":{"name":"updateArticleCategories","decl":{"start":{"line":115,"column":22},"end":{"line":115,"column":46}},"loc":{"start":{"line":115,"column":97},"end":{"line":128,"column":null}},"line":115},"7":{"name":"enrichArticlesWithCategories","decl":{"start":{"line":130,"column":22},"end":{"line":130,"column":51}},"loc":{"start":{"line":130,"column":92},"end":{"line":141,"column":null}},"line":130},"8":{"name":"(anonymous_8)","decl":{"start":{"line":132,"column":17},"end":{"line":132,"column":24}},"loc":{"start":{"line":132,"column":36},"end":{"line":139,"column":5}},"line":132},"9":{"name":"deleteArticle","decl":{"start":{"line":143,"column":22},"end":{"line":143,"column":36}},"loc":{"start":{"line":143,"column":63},"end":{"line":155,"column":null}},"line":143}},"branchMap":{"0":{"loc":{"start":{"line":28,"column":2},"end":{"line":30,"column":null}},"type":"if","locations":[{"start":{"line":28,"column":2},"end":{"line":30,"column":null}},{"start":{},"end":{}}],"line":28},"1":{"loc":{"start":{"line":31,"column":2},"end":{"line":33,"column":null}},"type":"if","locations":[{"start":{"line":31,"column":2},"end":{"line":33,"column":null}},{"start":{},"end":{}}],"line":31},"2":{"loc":{"start":{"line":43,"column":2},"end":{"line":45,"column":null}},"type":"if","locations":[{"start":{"line":43,"column":2},"end":{"line":45,"column":null}},{"start":{},"end":{}}],"line":43},"3":{"loc":{"start":{"line":46,"column":2},"end":{"line":48,"column":null}},"type":"if","locations":[{"start":{"line":46,"column":2},"end":{"line":48,"column":null}},{"start":{},"end":{}}],"line":46},"4":{"loc":{"start":{"line":59,"column":2},"end":{"line":61,"column":null}},"type":"if","locations":[{"start":{"line":59,"column":2},"end":{"line":61,"column":null}},{"start":{},"end":{}}],"line":59},"5":{"loc":{"start":{"line":73,"column":2},"end":{"line":75,"column":null}},"type":"if","locations":[{"start":{"line":73,"column":2},"end":{"line":75,"column":null}},{"start":{},"end":{}}],"line":73},"6":{"loc":{"start":{"line":76,"column":2},"end":{"line":78,"column":null}},"type":"if","locations":[{"start":{"line":76,"column":2},"end":{"line":78,"column":null}},{"start":{},"end":{}}],"line":76},"7":{"loc":{"start":{"line":90,"column":2},"end":{"line":92,"column":null}},"type":"if","locations":[{"start":{"line":90,"column":2},"end":{"line":92,"column":null}},{"start":{},"end":{}}],"line":90},"8":{"loc":{"start":{"line":93,"column":2},"end":{"line":95,"column":null}},"type":"if","locations":[{"start":{"line":93,"column":2},"end":{"line":95,"column":null}},{"start":{},"end":{}}],"line":93},"9":{"loc":{"start":{"line":105,"column":2},"end":{"line":107,"column":null}},"type":"if","locations":[{"start":{"line":105,"column":2},"end":{"line":107,"column":null}},{"start":{},"end":{}}],"line":105},"10":{"loc":{"start":{"line":108,"column":2},"end":{"line":110,"column":null}},"type":"if","locations":[{"start":{"line":108,"column":2},"end":{"line":110,"column":null}},{"start":{},"end":{}}],"line":108},"11":{"loc":{"start":{"line":122,"column":2},"end":{"line":124,"column":null}},"type":"if","locations":[{"start":{"line":122,"column":2},"end":{"line":124,"column":null}},{"start":{},"end":{}}],"line":122},"12":{"loc":{"start":{"line":125,"column":2},"end":{"line":127,"column":null}},"type":"if","locations":[{"start":{"line":125,"column":2},"end":{"line":127,"column":null}},{"start":{},"end":{}}],"line":125},"13":{"loc":{"start":{"line":149,"column":2},"end":{"line":151,"column":null}},"type":"if","locations":[{"start":{"line":149,"column":2},"end":{"line":151,"column":null}},{"start":{},"end":{}}],"line":149},"14":{"loc":{"start":{"line":152,"column":2},"end":{"line":154,"column":null}},"type":"if","locations":[{"start":{"line":152,"column":2},"end":{"line":154,"column":null}},{"start":{},"end":{}}],"line":152}},"s":{"0":2,"1":2,"2":1,"3":1,"4":1,"5":0,"6":1,"7":1,"8":0,"9":1,"10":0,"11":1,"12":1,"13":1,"14":0,"15":1,"16":1,"17":1,"18":0,"19":1,"20":0,"21":1,"22":1,"23":1,"24":0,"25":1,"26":0,"27":1,"28":2,"29":2,"30":0,"31":2,"32":1,"33":1,"34":0,"35":0,"36":0,"37":0,"38":0,"39":2,"40":2,"41":2,"42":1,"43":1,"44":1,"45":1,"46":0,"47":1,"48":0},"f":{"0":2,"1":1,"2":1,"3":1,"4":1,"5":2,"6":0,"7":2,"8":2,"9":1},"b":{"0":[1,1],"1":[1,0],"2":[0,1],"3":[0,1],"4":[0,1],"5":[0,1],"6":[0,1],"7":[0,1],"8":[0,1],"9":[0,2],"10":[1,1],"11":[0,0],"12":[0,0],"13":[0,1],"14":[0,1]},"meta":{"lastBranch":15,"lastFunction":10,"lastStatement":49,"seen":{"f:23:22:23:61":0,"s:24:19:26:Infinity":0,"b:28:2:30:Infinity:undefined:undefined:undefined:undefined":0,"s:28:2:30:Infinity":1,"s:29:4:29:Infinity":2,"b:31:2:33:Infinity:undefined:undefined:undefined:undefined":1,"s:31:2:33:Infinity":3,"s:32:4:32:Infinity":4,"s:35:2:35:Infinity":5,"f:38:22:38:39":1,"s:39:19:41:Infinity":6,"b:43:2:45:Infinity:undefined:undefined:undefined:undefined":2,"s:43:2:45:Infinity":7,"s:44:4:44:Infinity":8,"b:46:2:48:Infinity:undefined:undefined:undefined:undefined":3,"s:46:2:48:Infinity":9,"s:47:4:47:Infinity":10,"s:50:2:50:Infinity":11,"f:56:22:56:64":2,"s:57:19:57:Infinity":12,"b:59:2:61:Infinity:undefined:undefined:undefined:undefined":4,"s:59:2:61:Infinity":13,"s:60:4:60:Infinity":14,"s:63:2:63:Infinity":15,"f:66:22:66:36":3,"s:67:19:71:Infinity":16,"b:73:2:75:Infinity:undefined:undefined:undefined:undefined":5,"s:73:2:75:Infinity":17,"s:74:4:74:Infinity":18,"b:76:2:78:Infinity:undefined:undefined:undefined:undefined":6,"s:76:2:78:Infinity":19,"s:77:4:77:Infinity":20,"s:80:2:80:Infinity":21,"f:83:22:83:36":4,"s:84:19:88:Infinity":22,"b:90:2:92:Infinity:undefined:undefined:undefined:undefined":7,"s:90:2:92:Infinity":23,"s:91:4:91:Infinity":24,"b:93:2:95:Infinity:undefined:undefined:undefined:undefined":8,"s:93:2:95:Infinity":25,"s:94:4:94:Infinity":26,"s:97:2:97:Infinity":27,"f:100:22:100:45":5,"s:101:19:103:Infinity":28,"b:105:2:107:Infinity:undefined:undefined:undefined:undefined":9,"s:105:2:107:Infinity":29,"s:106:4:106:Infinity":30,"b:108:2:110:Infinity:undefined:undefined:undefined:undefined":10,"s:108:2:110:Infinity":31,"s:109:4:109:Infinity":32,"s:112:2:112:Infinity":33,"f:115:22:115:46":6,"s:116:19:120:Infinity":34,"b:122:2:124:Infinity:undefined:undefined:undefined:undefined":11,"s:122:2:124:Infinity":35,"s:123:4:123:Infinity":36,"b:125:2:127:Infinity:undefined:undefined:undefined:undefined":12,"s:125:2:127:Infinity":37,"s:126:4:126:Infinity":38,"f:130:22:130:51":7,"s:131:2:140:Infinity":39,"f:132:17:132:24":8,"s:133:6:138:Infinity":40,"s:134:27:134:Infinity":41,"s:135:8:135:Infinity":42,"s:137:8:137:Infinity":43,"f:143:22:143:36":9,"s:144:19:147:Infinity":44,"b:149:2:151:Infinity:undefined:undefined:undefined:undefined":13,"s:149:2:151:Infinity":45,"s:150:4:150:Infinity":46,"b:152:2:154:Infinity:undefined:undefined:undefined:undefined":14,"s:152:2:154:Infinity":47,"s:153:4:153:Infinity":48},"fnNames":{}}}
,"C:\\Users\\flori\\Documents\\ADA\\Projet_ZoliBlog\\java_blog\\admin\\src\\api\\auth.ts": {"path":"C:\\Users\\flori\\Documents\\ADA\\Projet_ZoliBlog\\java_blog\\admin\\src\\api\\auth.ts","statementMap":{"0":{"start":{"line":8,"column":18},"end":{"line":8,"column":null}},"1":{"start":{"line":9,"column":19},"end":{"line":9,"column":null}},"2":{"start":{"line":10,"column":17},"end":{"line":10,"column":null}},"3":{"start":{"line":13,"column":2},"end":{"line":13,"column":null}},"4":{"start":{"line":20,"column":2},"end":{"line":20,"column":null}},"5":{"start":{"line":24,"column":16},"end":{"line":24,"column":null}},"6":{"start":{"line":25,"column":15},"end":{"line":25,"column":null}},"7":{"start":{"line":26,"column":2},"end":{"line":26,"column":null}},"8":{"start":{"line":45,"column":19},"end":{"line":52,"column":null}},"9":{"start":{"line":54,"column":2},"end":{"line":56,"column":null}},"10":{"start":{"line":55,"column":4},"end":{"line":55,"column":null}},"11":{"start":{"line":58,"column":2},"end":{"line":60,"column":null}},"12":{"start":{"line":59,"column":4},"end":{"line":59,"column":null}},"13":{"start":{"line":62,"column":30},"end":{"line":62,"column":null}},"14":{"start":{"line":64,"column":2},"end":{"line":64,"column":null}},"15":{"start":{"line":65,"column":2},"end":{"line":65,"column":null}},"16":{"start":{"line":66,"column":2},"end":{"line":66,"column":null}},"17":{"start":{"line":67,"column":2},"end":{"line":67,"column":null}},"18":{"start":{"line":69,"column":2},"end":{"line":69,"column":null}},"19":{"start":{"line":74,"column":2},"end":{"line":74,"column":null}},"20":{"start":{"line":75,"column":2},"end":{"line":75,"column":null}},"21":{"start":{"line":76,"column":2},"end":{"line":76,"column":null}},"22":{"start":{"line":77,"column":2},"end":{"line":77,"column":null}}},"fnMap":{"0":{"name":"getToken","decl":{"start":{"line":12,"column":16},"end":{"line":12,"column":42}},"loc":{"start":{"line":12,"column":42},"end":{"line":14,"column":null}},"line":12},"1":{"name":"getPseudo","decl":{"start":{"line":19,"column":16},"end":{"line":19,"column":43}},"loc":{"start":{"line":19,"column":43},"end":{"line":21,"column":null}},"line":19},"2":{"name":"isLoggedIn","decl":{"start":{"line":23,"column":16},"end":{"line":23,"column":38}},"loc":{"start":{"line":23,"column":38},"end":{"line":27,"column":null}},"line":23},"3":{"name":"login","decl":{"start":{"line":44,"column":22},"end":{"line":44,"column":28}},"loc":{"start":{"line":44,"column":83},"end":{"line":70,"column":null}},"line":44},"4":{"name":"logout","decl":{"start":{"line":73,"column":16},"end":{"line":73,"column":31}},"loc":{"start":{"line":73,"column":31},"end":{"line":78,"column":null}},"line":73}},"branchMap":{"0":{"loc":{"start":{"line":26,"column":9},"end":{"line":26,"column":null}},"type":"binary-expr","locations":[{"start":{"line":26,"column":9},"end":{"line":26,"column":26}},{"start":{"line":26,"column":26},"end":{"line":26,"column":46}},{"start":{"line":26,"column":46},"end":{"line":26,"column":null}}],"line":26},"1":{"loc":{"start":{"line":54,"column":2},"end":{"line":56,"column":null}},"type":"if","locations":[{"start":{"line":54,"column":2},"end":{"line":56,"column":null}},{"start":{},"end":{}}],"line":54},"2":{"loc":{"start":{"line":58,"column":2},"end":{"line":60,"column":null}},"type":"if","locations":[{"start":{"line":58,"column":2},"end":{"line":60,"column":null}},{"start":{},"end":{}}],"line":58}},"s":{"0":3,"1":3,"2":3,"3":8,"4":1,"5":6,"6":6,"7":6,"8":3,"9":3,"10":1,"11":2,"12":1,"13":1,"14":1,"15":1,"16":1,"17":1,"18":1,"19":2,"20":2,"21":2,"22":2},"f":{"0":8,"1":1,"2":6,"3":3,"4":2},"b":{"0":[6,3,3],"1":[1,2],"2":[1,1]},"meta":{"lastBranch":3,"lastFunction":5,"lastStatement":23,"seen":{"s:8:18:8:Infinity":0,"s:9:19:9:Infinity":1,"s:10:17:10:Infinity":2,"f:12:16:12:42":0,"s:13:2:13:Infinity":3,"f:19:16:19:43":1,"s:20:2:20:Infinity":4,"f:23:16:23:38":2,"s:24:16:24:Infinity":5,"s:25:15:25:Infinity":6,"s:26:2:26:Infinity":7,"b:26:9:26:26:26:26:26:46:26:46:26:Infinity":0,"f:44:22:44:28":3,"s:45:19:52:Infinity":8,"b:54:2:56:Infinity:undefined:undefined:undefined:undefined":1,"s:54:2:56:Infinity":9,"s:55:4:55:Infinity":10,"b:58:2:60:Infinity:undefined:undefined:undefined:undefined":2,"s:58:2:60:Infinity":11,"s:59:4:59:Infinity":12,"s:62:30:62:Infinity":13,"s:64:2:64:Infinity":14,"s:65:2:65:Infinity":15,"s:66:2:66:Infinity":16,"s:67:2:67:Infinity":17,"s:69:2:69:Infinity":18,"f:73:16:73:31":4,"s:74:2:74:Infinity":19,"s:75:2:75:Infinity":20,"s:76:2:76:Infinity":21,"s:77:2:77:Infinity":22},"fnNames":{}}}
,"C:\\Users\\flori\\Documents\\ADA\\Projet_ZoliBlog\\java_blog\\admin\\src\\api\\categories.ts": {"path":"C:\\Users\\flori\\Documents\\ADA\\Projet_ZoliBlog\\java_blog\\admin\\src\\api\\categories.ts","statementMap":{"0":{"start":{"line":20,"column":19},"end":{"line":20,"column":null}},"1":{"start":{"line":21,"column":2},"end":{"line":23,"column":null}},"2":{"start":{"line":22,"column":4},"end":{"line":22,"column":null}},"3":{"start":{"line":24,"column":2},"end":{"line":24,"column":null}},"4":{"start":{"line":28,"column":19},"end":{"line":32,"column":null}},"5":{"start":{"line":34,"column":2},"end":{"line":36,"column":null}},"6":{"start":{"line":35,"column":4},"end":{"line":35,"column":null}},"7":{"start":{"line":37,"column":2},"end":{"line":39,"column":null}},"8":{"start":{"line":38,"column":4},"end":{"line":38,"column":null}},"9":{"start":{"line":41,"column":2},"end":{"line":41,"column":null}},"10":{"start":{"line":48,"column":19},"end":{"line":52,"column":null}},"11":{"start":{"line":54,"column":2},"end":{"line":56,"column":null}},"12":{"start":{"line":55,"column":4},"end":{"line":55,"column":null}},"13":{"start":{"line":57,"column":2},"end":{"line":59,"column":null}},"14":{"start":{"line":58,"column":4},"end":{"line":58,"column":null}},"15":{"start":{"line":61,"column":2},"end":{"line":61,"column":null}},"16":{"start":{"line":65,"column":19},"end":{"line":68,"column":null}},"17":{"start":{"line":70,"column":2},"end":{"line":72,"column":null}},"18":{"start":{"line":71,"column":4},"end":{"line":71,"column":null}},"19":{"start":{"line":73,"column":2},"end":{"line":75,"column":null}},"20":{"start":{"line":74,"column":4},"end":{"line":74,"column":null}}},"fnMap":{"0":{"name":"fetchCategories","decl":{"start":{"line":19,"column":22},"end":{"line":19,"column":62}},"loc":{"start":{"line":19,"column":62},"end":{"line":25,"column":null}},"line":19},"1":{"name":"createCategory","decl":{"start":{"line":27,"column":22},"end":{"line":27,"column":37}},"loc":{"start":{"line":27,"column":90},"end":{"line":42,"column":null}},"line":27},"2":{"name":"updateCategory","decl":{"start":{"line":44,"column":22},"end":{"line":44,"column":null}},"loc":{"start":{"line":47,"column":22},"end":{"line":62,"column":null}},"line":47},"3":{"name":"deleteCategory","decl":{"start":{"line":64,"column":22},"end":{"line":64,"column":37}},"loc":{"start":{"line":64,"column":64},"end":{"line":76,"column":null}},"line":64}},"branchMap":{"0":{"loc":{"start":{"line":21,"column":2},"end":{"line":23,"column":null}},"type":"if","locations":[{"start":{"line":21,"column":2},"end":{"line":23,"column":null}},{"start":{},"end":{}}],"line":21},"1":{"loc":{"start":{"line":34,"column":2},"end":{"line":36,"column":null}},"type":"if","locations":[{"start":{"line":34,"column":2},"end":{"line":36,"column":null}},{"start":{},"end":{}}],"line":34},"2":{"loc":{"start":{"line":37,"column":2},"end":{"line":39,"column":null}},"type":"if","locations":[{"start":{"line":37,"column":2},"end":{"line":39,"column":null}},{"start":{},"end":{}}],"line":37},"3":{"loc":{"start":{"line":54,"column":2},"end":{"line":56,"column":null}},"type":"if","locations":[{"start":{"line":54,"column":2},"end":{"line":56,"column":null}},{"start":{},"end":{}}],"line":54},"4":{"loc":{"start":{"line":57,"column":2},"end":{"line":59,"column":null}},"type":"if","locations":[{"start":{"line":57,"column":2},"end":{"line":59,"column":null}},{"start":{},"end":{}}],"line":57},"5":{"loc":{"start":{"line":70,"column":2},"end":{"line":72,"column":null}},"type":"if","locations":[{"start":{"line":70,"column":2},"end":{"line":72,"column":null}},{"start":{},"end":{}}],"line":70},"6":{"loc":{"start":{"line":73,"column":2},"end":{"line":75,"column":null}},"type":"if","locations":[{"start":{"line":73,"column":2},"end":{"line":75,"column":null}},{"start":{},"end":{}}],"line":73}},"s":{"0":1,"1":1,"2":0,"3":1,"4":1,"5":1,"6":1,"7":0,"8":0,"9":0,"10":1,"11":1,"12":0,"13":1,"14":0,"15":1,"16":1,"17":1,"18":0,"19":1,"20":0},"f":{"0":1,"1":1,"2":1,"3":1},"b":{"0":[0,1],"1":[1,0],"2":[0,0],"3":[0,1],"4":[0,1],"5":[0,1],"6":[0,1]},"meta":{"lastBranch":7,"lastFunction":4,"lastStatement":21,"seen":{"f:19:22:19:62":0,"s:20:19:20:Infinity":0,"b:21:2:23:Infinity:undefined:undefined:undefined:undefined":0,"s:21:2:23:Infinity":1,"s:22:4:22:Infinity":2,"s:24:2:24:Infinity":3,"f:27:22:27:37":1,"s:28:19:32:Infinity":4,"b:34:2:36:Infinity:undefined:undefined:undefined:undefined":1,"s:34:2:36:Infinity":5,"s:35:4:35:Infinity":6,"b:37:2:39:Infinity:undefined:undefined:undefined:undefined":2,"s:37:2:39:Infinity":7,"s:38:4:38:Infinity":8,"s:41:2:41:Infinity":9,"f:44:22:44:Infinity":2,"s:48:19:52:Infinity":10,"b:54:2:56:Infinity:undefined:undefined:undefined:undefined":3,"s:54:2:56:Infinity":11,"s:55:4:55:Infinity":12,"b:57:2:59:Infinity:undefined:undefined:undefined:undefined":4,"s:57:2:59:Infinity":13,"s:58:4:58:Infinity":14,"s:61:2:61:Infinity":15,"f:64:22:64:37":3,"s:65:19:68:Infinity":16,"b:70:2:72:Infinity:undefined:undefined:undefined:undefined":5,"s:70:2:72:Infinity":17,"s:71:4:71:Infinity":18,"b:73:2:75:Infinity:undefined:undefined:undefined:undefined":6,"s:73:2:75:Infinity":19,"s:74:4:74:Infinity":20},"fnNames":{}}}
,"C:\\Users\\flori\\Documents\\ADA\\Projet_ZoliBlog\\java_blog\\admin\\src\\api\\client.ts": {"path":"C:\\Users\\flori\\Documents\\ADA\\Projet_ZoliBlog\\java_blog\\admin\\src\\api\\client.ts","statementMap":{"0":{"start":{"line":5,"column":18},"end":{"line":5,"column":null}},"1":{"start":{"line":7,"column":23},"end":{"line":7,"column":null}},"2":{"start":{"line":10,"column":16},"end":{"line":10,"column":null}},"3":{"start":{"line":11,"column":2},"end":{"line":13,"column":null}},"4":{"start":{"line":12,"column":4},"end":{"line":12,"column":null}},"5":{"start":{"line":14,"column":2},"end":{"line":14,"column":null}},"6":{"start":{"line":18,"column":2},"end":{"line":21,"column":null}}},"fnMap":{"0":{"name":"getAuthHeaders","decl":{"start":{"line":9,"column":16},"end":{"line":9,"column":57}},"loc":{"start":{"line":9,"column":57},"end":{"line":15,"column":null}},"line":9},"1":{"name":"adminJsonHeaders","decl":{"start":{"line":17,"column":16},"end":{"line":17,"column":59}},"loc":{"start":{"line":17,"column":59},"end":{"line":22,"column":null}},"line":17}},"branchMap":{"0":{"loc":{"start":{"line":11,"column":2},"end":{"line":13,"column":null}},"type":"if","locations":[{"start":{"line":11,"column":2},"end":{"line":13,"column":null}},{"start":{},"end":{}}],"line":11}},"s":{"0":8,"1":8,"2":21,"3":21,"4":6,"5":15,"6":5},"f":{"0":21,"1":5},"b":{"0":[6,15]},"meta":{"lastBranch":1,"lastFunction":2,"lastStatement":7,"seen":{"s:5:18:5:Infinity":0,"s:7:23:7:Infinity":1,"f:9:16:9:57":0,"s:10:16:10:Infinity":2,"b:11:2:13:Infinity:undefined:undefined:undefined:undefined":0,"s:11:2:13:Infinity":3,"s:12:4:12:Infinity":4,"s:14:2:14:Infinity":5,"f:17:16:17:59":1,"s:18:2:21:Infinity":6},"fnNames":{}}}
,"C:\\Users\\flori\\Documents\\ADA\\Projet_ZoliBlog\\java_blog\\admin\\src\\api\\commentaires.ts": {"path":"C:\\Users\\flori\\Documents\\ADA\\Projet_ZoliBlog\\java_blog\\admin\\src\\api\\commentaires.ts","statementMap":{"0":{"start":{"line":12,"column":19},"end":{"line":14,"column":null}},"1":{"start":{"line":16,"column":2},"end":{"line":18,"column":null}},"2":{"start":{"line":17,"column":4},"end":{"line":17,"column":null}},"3":{"start":{"line":19,"column":2},"end":{"line":21,"column":null}},"4":{"start":{"line":20,"column":4},"end":{"line":20,"column":null}},"5":{"start":{"line":22,"column":2},"end":{"line":22,"column":null}},"6":{"start":{"line":26,"column":19},"end":{"line":29,"column":null}},"7":{"start":{"line":31,"column":2},"end":{"line":33,"column":null}},"8":{"start":{"line":32,"column":4},"end":{"line":32,"column":null}},"9":{"start":{"line":34,"column":2},"end":{"line":36,"column":null}},"10":{"start":{"line":35,"column":4},"end":{"line":35,"column":null}}},"fnMap":{"0":{"name":"fetchComments","decl":{"start":{"line":11,"column":22},"end":{"line":11,"column":36}},"loc":{"start":{"line":11,"column":79},"end":{"line":23,"column":null}},"line":11},"1":{"name":"deleteComment","decl":{"start":{"line":25,"column":22},"end":{"line":25,"column":36}},"loc":{"start":{"line":25,"column":63},"end":{"line":37,"column":null}},"line":25}},"branchMap":{"0":{"loc":{"start":{"line":16,"column":2},"end":{"line":18,"column":null}},"type":"if","locations":[{"start":{"line":16,"column":2},"end":{"line":18,"column":null}},{"start":{},"end":{}}],"line":16},"1":{"loc":{"start":{"line":19,"column":2},"end":{"line":21,"column":null}},"type":"if","locations":[{"start":{"line":19,"column":2},"end":{"line":21,"column":null}},{"start":{},"end":{}}],"line":19},"2":{"loc":{"start":{"line":31,"column":2},"end":{"line":33,"column":null}},"type":"if","locations":[{"start":{"line":31,"column":2},"end":{"line":33,"column":null}},{"start":{},"end":{}}],"line":31},"3":{"loc":{"start":{"line":34,"column":2},"end":{"line":36,"column":null}},"type":"if","locations":[{"start":{"line":34,"column":2},"end":{"line":36,"column":null}},{"start":{},"end":{}}],"line":34}},"s":{"0":2,"1":2,"2":0,"3":2,"4":1,"5":1,"6":1,"7":1,"8":0,"9":1,"10":0},"f":{"0":2,"1":1},"b":{"0":[0,2],"1":[1,1],"2":[0,1],"3":[0,1]},"meta":{"lastBranch":4,"lastFunction":2,"lastStatement":11,"seen":{"f:11:22:11:36":0,"s:12:19:14:Infinity":0,"b:16:2:18:Infinity:undefined:undefined:undefined:undefined":0,"s:16:2:18:Infinity":1,"s:17:4:17:Infinity":2,"b:19:2:21:Infinity:undefined:undefined:undefined:undefined":1,"s:19:2:21:Infinity":3,"s:20:4:20:Infinity":4,"s:22:2:22:Infinity":5,"f:25:22:25:36":1,"s:26:19:29:Infinity":6,"b:31:2:33:Infinity:undefined:undefined:undefined:undefined":2,"s:31:2:33:Infinity":7,"s:32:4:32:Infinity":8,"b:34:2:36:Infinity:undefined:undefined:undefined:undefined":3,"s:34:2:36:Infinity":9,"s:35:4:35:Infinity":10},"fnNames":{}}}
,"C:\\Users\\flori\\Documents\\ADA\\Projet_ZoliBlog\\java_blog\\admin\\src\\api\\userId.ts": {"path":"C:\\Users\\flori\\Documents\\ADA\\Projet_ZoliBlog\\java_blog\\admin\\src\\api\\userId.ts","statementMap":{"0":{"start":{"line":1,"column":20},"end":{"line":1,"column":null}},"1":{"start":{"line":4,"column":14},"end":{"line":4,"column":null}},"2":{"start":{"line":5,"column":2},"end":{"line":5,"column":null}},"3":{"start":{"line":5,"column":19},"end":{"line":5,"column":null}},"4":{"start":{"line":6,"column":17},"end":{"line":6,"column":null}},"5":{"start":{"line":7,"column":2},"end":{"line":7,"column":null}},"6":{"start":{"line":11,"column":2},"end":{"line":11,"column":null}},"7":{"start":{"line":15,"column":2},"end":{"line":15,"column":null}}},"fnMap":{"0":{"name":"getUserId","decl":{"start":{"line":3,"column":16},"end":{"line":3,"column":43}},"loc":{"start":{"line":3,"column":43},"end":{"line":8,"column":null}},"line":3},"1":{"name":"setUserId","decl":{"start":{"line":10,"column":16},"end":{"line":10,"column":26}},"loc":{"start":{"line":10,"column":48},"end":{"line":12,"column":null}},"line":10},"2":{"name":"clearUserId","decl":{"start":{"line":14,"column":16},"end":{"line":14,"column":36}},"loc":{"start":{"line":14,"column":36},"end":{"line":16,"column":null}},"line":14}},"branchMap":{"0":{"loc":{"start":{"line":5,"column":2},"end":{"line":5,"column":null}},"type":"if","locations":[{"start":{"line":5,"column":2},"end":{"line":5,"column":null}},{"start":{},"end":{}}],"line":5},"1":{"loc":{"start":{"line":7,"column":9},"end":{"line":7,"column":null}},"type":"cond-expr","locations":[{"start":{"line":7,"column":32},"end":{"line":7,"column":39}},{"start":{"line":7,"column":39},"end":{"line":7,"column":null}}],"line":7}},"s":{"0":4,"1":5,"2":5,"3":3,"4":2,"5":2,"6":3,"7":3},"f":{"0":5,"1":3,"2":3},"b":{"0":[3,2],"1":[1,1]},"meta":{"lastBranch":2,"lastFunction":3,"lastStatement":8,"seen":{"s:1:20:1:Infinity":0,"f:3:16:3:43":0,"s:4:14:4:Infinity":1,"b:5:2:5:Infinity:undefined:undefined:undefined:undefined":0,"s:5:2:5:Infinity":2,"s:5:19:5:Infinity":3,"s:6:17:6:Infinity":4,"s:7:2:7:Infinity":5,"b:7:32:7:39:7:39:7:Infinity":1,"f:10:16:10:26":1,"s:11:2:11:Infinity":6,"f:14:16:14:36":2,"s:15:2:15:Infinity":7},"fnNames":{}}}
,"C:\\Users\\flori\\Documents\\ADA\\Projet_ZoliBlog\\java_blog\\admin\\src\\api\\users.ts": {"path":"C:\\Users\\flori\\Documents\\ADA\\Projet_ZoliBlog\\java_blog\\admin\\src\\api\\users.ts","statementMap":{"0":{"start":{"line":10,"column":19},"end":{"line":12,"column":null}},"1":{"start":{"line":14,"column":2},"end":{"line":16,"column":null}},"2":{"start":{"line":15,"column":4},"end":{"line":15,"column":null}},"3":{"start":{"line":17,"column":2},"end":{"line":19,"column":null}},"4":{"start":{"line":18,"column":4},"end":{"line":18,"column":null}},"5":{"start":{"line":21,"column":2},"end":{"line":21,"column":null}},"6":{"start":{"line":25,"column":19},"end":{"line":28,"column":null}},"7":{"start":{"line":30,"column":2},"end":{"line":32,"column":null}},"8":{"start":{"line":31,"column":4},"end":{"line":31,"column":null}},"9":{"start":{"line":33,"column":2},"end":{"line":35,"column":null}},"10":{"start":{"line":34,"column":4},"end":{"line":34,"column":null}}},"fnMap":{"0":{"name":"fetchUsers","decl":{"start":{"line":9,"column":22},"end":{"line":9,"column":52}},"loc":{"start":{"line":9,"column":52},"end":{"line":22,"column":null}},"line":9},"1":{"name":"deleteUser","decl":{"start":{"line":24,"column":22},"end":{"line":24,"column":33}},"loc":{"start":{"line":24,"column":60},"end":{"line":36,"column":null}},"line":24}},"branchMap":{"0":{"loc":{"start":{"line":14,"column":2},"end":{"line":16,"column":null}},"type":"if","locations":[{"start":{"line":14,"column":2},"end":{"line":16,"column":null}},{"start":{},"end":{}}],"line":14},"1":{"loc":{"start":{"line":17,"column":2},"end":{"line":19,"column":null}},"type":"if","locations":[{"start":{"line":17,"column":2},"end":{"line":19,"column":null}},{"start":{},"end":{}}],"line":17},"2":{"loc":{"start":{"line":30,"column":2},"end":{"line":32,"column":null}},"type":"if","locations":[{"start":{"line":30,"column":2},"end":{"line":32,"column":null}},{"start":{},"end":{}}],"line":30},"3":{"loc":{"start":{"line":33,"column":2},"end":{"line":35,"column":null}},"type":"if","locations":[{"start":{"line":33,"column":2},"end":{"line":35,"column":null}},{"start":{},"end":{}}],"line":33}},"s":{"0":2,"1":2,"2":1,"3":1,"4":0,"5":1,"6":1,"7":1,"8":0,"9":1,"10":0},"f":{"0":2,"1":1},"b":{"0":[1,1],"1":[0,1],"2":[0,1],"3":[0,1]},"meta":{"lastBranch":4,"lastFunction":2,"lastStatement":11,"seen":{"f:9:22:9:52":0,"s:10:19:12:Infinity":0,"b:14:2:16:Infinity:undefined:undefined:undefined:undefined":0,"s:14:2:16:Infinity":1,"s:15:4:15:Infinity":2,"b:17:2:19:Infinity:undefined:undefined:undefined:undefined":1,"s:17:2:19:Infinity":3,"s:18:4:18:Infinity":4,"s:21:2:21:Infinity":5,"f:24:22:24:33":1,"s:25:19:28:Infinity":6,"b:30:2:32:Infinity:undefined:undefined:undefined:undefined":2,"s:30:2:32:Infinity":7,"s:31:4:31:Infinity":8,"b:33:2:35:Infinity:undefined:undefined:undefined:undefined":3,"s:33:2:35:Infinity":9,"s:34:4:34:Infinity":10},"fnNames":{}}}
,"C:\\Users\\flori\\Documents\\ADA\\Projet_ZoliBlog\\java_blog\\admin\\src\\store\\adminStore.ts": {"path":"C:\\Users\\flori\\Documents\\ADA\\Projet_ZoliBlog\\java_blog\\admin\\src\\store\\adminStore.ts","statementMap":{"0":{"start":{"line":76,"column":21},"end":{"line":89,"column":null}},"1":{"start":{"line":92,"column":2},"end":{"line":101,"column":null}},"2":{"start":{"line":93,"column":4},"end":{"line":93,"column":null}},"3":{"start":{"line":94,"column":17},"end":{"line":94,"column":40}},"4":{"start":{"line":95,"column":21},"end":{"line":95,"column":null}},"5":{"start":{"line":96,"column":4},"end":{"line":96,"column":null}},"6":{"start":{"line":98,"column":4},"end":{"line":98,"column":null}},"7":{"start":{"line":99,"column":20},"end":{"line":99,"column":null}},"8":{"start":{"line":100,"column":4},"end":{"line":100,"column":null}},"9":{"start":{"line":105,"column":2},"end":{"line":113,"column":null}},"10":{"start":{"line":106,"column":4},"end":{"line":106,"column":null}},"11":{"start":{"line":107,"column":17},"end":{"line":107,"column":39}},"12":{"start":{"line":108,"column":4},"end":{"line":108,"column":null}},"13":{"start":{"line":110,"column":4},"end":{"line":110,"column":null}},"14":{"start":{"line":111,"column":20},"end":{"line":111,"column":null}},"15":{"start":{"line":112,"column":4},"end":{"line":112,"column":null}},"16":{"start":{"line":117,"column":2},"end":{"line":125,"column":null}},"17":{"start":{"line":118,"column":4},"end":{"line":118,"column":null}},"18":{"start":{"line":119,"column":17},"end":{"line":119,"column":34}},"19":{"start":{"line":120,"column":4},"end":{"line":120,"column":null}},"20":{"start":{"line":122,"column":4},"end":{"line":122,"column":null}},"21":{"start":{"line":123,"column":20},"end":{"line":123,"column":null}},"22":{"start":{"line":124,"column":4},"end":{"line":124,"column":null}},"23":{"start":{"line":128,"column":29},"end":{"line":352,"column":null}},"24":{"start":{"line":128,"column":63},"end":{"line":352,"column":2}},"25":{"start":{"line":132,"column":4},"end":{"line":140,"column":null}},"26":{"start":{"line":144,"column":24},"end":{"line":144,"column":null}},"27":{"start":{"line":145,"column":4},"end":{"line":149,"column":null}},"28":{"start":{"line":151,"column":4},"end":{"line":160,"column":null}},"29":{"start":{"line":152,"column":6},"end":{"line":152,"column":null}},"30":{"start":{"line":153,"column":6},"end":{"line":155,"column":null}},"31":{"start":{"line":154,"column":24},"end":{"line":154,"column":49}},"32":{"start":{"line":155,"column":24},"end":{"line":155,"column":42}},"33":{"start":{"line":156,"column":11},"end":{"line":160,"column":null}},"34":{"start":{"line":157,"column":6},"end":{"line":157,"column":null}},"35":{"start":{"line":159,"column":6},"end":{"line":159,"column":null}},"36":{"start":{"line":163,"column":15},"end":{"line":163,"column":null}},"37":{"start":{"line":165,"column":23},"end":{"line":165,"column":null}},"38":{"start":{"line":168,"column":4},"end":{"line":173,"column":null}},"39":{"start":{"line":176,"column":4},"end":{"line":176,"column":null}},"40":{"start":{"line":177,"column":4},"end":{"line":181,"column":null}},"41":{"start":{"line":185,"column":4},"end":{"line":185,"column":null}},"42":{"start":{"line":186,"column":4},"end":{"line":186,"column":null}},"43":{"start":{"line":190,"column":4},"end":{"line":190,"column":null}},"44":{"start":{"line":191,"column":20},"end":{"line":191,"column":null}},"45":{"start":{"line":191,"column":47},"end":{"line":191,"column":58}},"46":{"start":{"line":192,"column":4},"end":{"line":192,"column":null}},"47":{"start":{"line":192,"column":18},"end":{"line":192,"column":null}},"48":{"start":{"line":194,"column":4},"end":{"line":205,"column":null}},"49":{"start":{"line":195,"column":32},"end":{"line":195,"column":null}},"50":{"start":{"line":196,"column":6},"end":{"line":200,"column":null}},"51":{"start":{"line":197,"column":64},"end":{"line":197,"column":68}},"52":{"start":{"line":202,"column":22},"end":{"line":202,"column":null}},"53":{"start":{"line":203,"column":6},"end":{"line":203,"column":null}},"54":{"start":{"line":204,"column":6},"end":{"line":204,"column":null}},"55":{"start":{"line":209,"column":4},"end":{"line":209,"column":null}},"56":{"start":{"line":210,"column":22},"end":{"line":210,"column":null}},"57":{"start":{"line":210,"column":51},"end":{"line":210,"column":62}},"58":{"start":{"line":211,"column":4},"end":{"line":213,"column":null}},"59":{"start":{"line":212,"column":6},"end":{"line":212,"column":null}},"60":{"start":{"line":217,"column":4},"end":{"line":229,"column":null}},"61":{"start":{"line":218,"column":22},"end":{"line":218,"column":null}},"62":{"start":{"line":219,"column":6},"end":{"line":221,"column":null}},"63":{"start":{"line":220,"column":8},"end":{"line":220,"column":null}},"64":{"start":{"line":222,"column":6},"end":{"line":222,"column":null}},"65":{"start":{"line":223,"column":6},"end":{"line":223,"column":null}},"66":{"start":{"line":224,"column":6},"end":{"line":224,"column":null}},"67":{"start":{"line":226,"column":22},"end":{"line":226,"column":null}},"68":{"start":{"line":227,"column":6},"end":{"line":227,"column":null}},"69":{"start":{"line":228,"column":6},"end":{"line":228,"column":null}},"70":{"start":{"line":233,"column":4},"end":{"line":250,"column":null}},"71":{"start":{"line":234,"column":26},"end":{"line":234,"column":null}},"72":{"start":{"line":235,"column":6},"end":{"line":239,"column":null}},"73":{"start":{"line":240,"column":6},"end":{"line":242,"column":null}},"74":{"start":{"line":241,"column":8},"end":{"line":241,"column":null}},"75":{"start":{"line":243,"column":6},"end":{"line":243,"column":null}},"76":{"start":{"line":244,"column":6},"end":{"line":244,"column":null}},"77":{"start":{"line":245,"column":6},"end":{"line":245,"column":null}},"78":{"start":{"line":247,"column":22},"end":{"line":247,"column":null}},"79":{"start":{"line":248,"column":6},"end":{"line":248,"column":null}},"80":{"start":{"line":249,"column":6},"end":{"line":249,"column":null}},"81":{"start":{"line":254,"column":4},"end":{"line":254,"column":null}},"82":{"start":{"line":255,"column":20},"end":{"line":255,"column":null}},"83":{"start":{"line":255,"column":47},"end":{"line":255,"column":58}},"84":{"start":{"line":256,"column":18},"end":{"line":256,"column":null}},"85":{"start":{"line":258,"column":4},"end":{"line":260,"column":null}},"86":{"start":{"line":259,"column":6},"end":{"line":259,"column":null}},"87":{"start":{"line":262,"column":4},"end":{"line":270,"column":null}},"88":{"start":{"line":263,"column":6},"end":{"line":263,"column":null}},"89":{"start":{"line":264,"column":6},"end":{"line":264,"column":null}},"90":{"start":{"line":265,"column":6},"end":{"line":265,"column":null}},"91":{"start":{"line":267,"column":22},"end":{"line":267,"column":null}},"92":{"start":{"line":268,"column":6},"end":{"line":268,"column":null}},"93":{"start":{"line":269,"column":6},"end":{"line":269,"column":null}},"94":{"start":{"line":274,"column":4},"end":{"line":283,"column":null}},"95":{"start":{"line":275,"column":6},"end":{"line":275,"column":null}},"96":{"start":{"line":276,"column":6},"end":{"line":276,"column":null}},"97":{"start":{"line":277,"column":6},"end":{"line":277,"column":null}},"98":{"start":{"line":278,"column":6},"end":{"line":278,"column":null}},"99":{"start":{"line":280,"column":22},"end":{"line":280,"column":null}},"100":{"start":{"line":281,"column":6},"end":{"line":281,"column":null}},"101":{"start":{"line":282,"column":6},"end":{"line":282,"column":null}},"102":{"start":{"line":287,"column":4},"end":{"line":300,"column":null}},"103":{"start":{"line":288,"column":26},"end":{"line":288,"column":null}},"104":{"start":{"line":289,"column":6},"end":{"line":292,"column":null}},"105":{"start":{"line":293,"column":6},"end":{"line":293,"column":null}},"106":{"start":{"line":294,"column":6},"end":{"line":294,"column":null}},"107":{"start":{"line":295,"column":6},"end":{"line":295,"column":null}},"108":{"start":{"line":297,"column":22},"end":{"line":297,"column":null}},"109":{"start":{"line":298,"column":6},"end":{"line":298,"column":null}},"110":{"start":{"line":299,"column":6},"end":{"line":299,"column":null}},"111":{"start":{"line":304,"column":4},"end":{"line":304,"column":null}},"112":{"start":{"line":305,"column":22},"end":{"line":305,"column":null}},"113":{"start":{"line":305,"column":51},"end":{"line":305,"column":62}},"114":{"start":{"line":306,"column":16},"end":{"line":306,"column":null}},"115":{"start":{"line":308,"column":4},"end":{"line":310,"column":null}},"116":{"start":{"line":309,"column":6},"end":{"line":309,"column":null}},"117":{"start":{"line":312,"column":4},"end":{"line":320,"column":null}},"118":{"start":{"line":313,"column":6},"end":{"line":313,"column":null}},"119":{"start":{"line":314,"column":6},"end":{"line":314,"column":null}},"120":{"start":{"line":315,"column":6},"end":{"line":315,"column":null}},"121":{"start":{"line":317,"column":22},"end":{"line":317,"column":null}},"122":{"start":{"line":318,"column":6},"end":{"line":318,"column":null}},"123":{"start":{"line":319,"column":6},"end":{"line":319,"column":null}},"124":{"start":{"line":324,"column":4},"end":{"line":324,"column":null}},"125":{"start":{"line":325,"column":17},"end":{"line":325,"column":null}},"126":{"start":{"line":325,"column":41},"end":{"line":325,"column":52}},"127":{"start":{"line":326,"column":18},"end":{"line":326,"column":null}},"128":{"start":{"line":328,"column":4},"end":{"line":330,"column":null}},"129":{"start":{"line":329,"column":6},"end":{"line":329,"column":null}},"130":{"start":{"line":332,"column":4},"end":{"line":340,"column":null}},"131":{"start":{"line":333,"column":6},"end":{"line":333,"column":null}},"132":{"start":{"line":334,"column":6},"end":{"line":334,"column":null}},"133":{"start":{"line":335,"column":6},"end":{"line":335,"column":null}},"134":{"start":{"line":337,"column":22},"end":{"line":337,"column":null}},"135":{"start":{"line":338,"column":6},"end":{"line":338,"column":null}},"136":{"start":{"line":339,"column":6},"end":{"line":339,"column":null}},"137":{"start":{"line":344,"column":4},"end":{"line":350,"column":null}},"138":{"start":{"line":345,"column":6},"end":{"line":345,"column":null}},"139":{"start":{"line":346,"column":6},"end":{"line":346,"column":null}},"140":{"start":{"line":347,"column":6},"end":{"line":349,"column":null}}},"fnMap":{"0":{"name":"loadArticles","decl":{"start":{"line":91,"column":15},"end":{"line":91,"column":28}},"loc":{"start":{"line":91,"column":73},"end":{"line":102,"column":null}},"line":91},"1":{"name":"loadCategories","decl":{"start":{"line":104,"column":15},"end":{"line":104,"column":30}},"loc":{"start":{"line":104,"column":75},"end":{"line":114,"column":null}},"line":104},"2":{"name":"loadUsers","decl":{"start":{"line":116,"column":15},"end":{"line":116,"column":25}},"loc":{"start":{"line":116,"column":70},"end":{"line":126,"column":null}},"line":116},"3":{"name":"(anonymous_3)","decl":{"start":{"line":128,"column":29},"end":{"line":128,"column":49}},"loc":{"start":{"line":128,"column":63},"end":{"line":352,"column":2}},"line":128},"4":{"name":"(anonymous_4)","decl":{"start":{"line":131,"column":2},"end":{"line":131,"column":15}},"loc":{"start":{"line":131,"column":27},"end":{"line":141,"column":null}},"line":131},"5":{"name":"(anonymous_5)","decl":{"start":{"line":143,"column":22},"end":{"line":143,"column":34}},"loc":{"start":{"line":143,"column":34},"end":{"line":161,"column":null}},"line":143},"6":{"name":"(anonymous_6)","decl":{"start":{"line":154,"column":9},"end":{"line":154,"column":15}},"loc":{"start":{"line":154,"column":24},"end":{"line":154,"column":49}},"line":154},"7":{"name":"(anonymous_7)","decl":{"start":{"line":155,"column":9},"end":{"line":155,"column":16}},"loc":{"start":{"line":155,"column":24},"end":{"line":155,"column":42}},"line":155},"8":{"name":"(anonymous_8)","decl":{"start":{"line":163,"column":2},"end":{"line":163,"column":15}},"loc":{"start":{"line":163,"column":15},"end":{"line":163,"column":null}},"line":163},"9":{"name":"(anonymous_9)","decl":{"start":{"line":165,"column":2},"end":{"line":165,"column":23}},"loc":{"start":{"line":165,"column":23},"end":{"line":165,"column":null}},"line":165},"10":{"name":"(anonymous_10)","decl":{"start":{"line":167,"column":2},"end":{"line":167,"column":null}},"loc":{"start":{"line":168,"column":4},"end":{"line":173,"column":null}},"line":168},"11":{"name":"(anonymous_11)","decl":{"start":{"line":175,"column":2},"end":{"line":175,"column":20}},"loc":{"start":{"line":175,"column":20},"end":{"line":182,"column":null}},"line":175},"12":{"name":"(anonymous_12)","decl":{"start":{"line":184,"column":2},"end":{"line":184,"column":22}},"loc":{"start":{"line":184,"column":29},"end":{"line":187,"column":null}},"line":184},"13":{"name":"(anonymous_13)","decl":{"start":{"line":189,"column":21},"end":{"line":189,"column":28}},"loc":{"start":{"line":189,"column":35},"end":{"line":206,"column":null}},"line":189},"14":{"name":"(anonymous_14)","decl":{"start":{"line":191,"column":35},"end":{"line":191,"column":41}},"loc":{"start":{"line":191,"column":47},"end":{"line":191,"column":58}},"line":191},"15":{"name":"(anonymous_15)","decl":{"start":{"line":197,"column":53},"end":{"line":197,"column":58}},"loc":{"start":{"line":197,"column":64},"end":{"line":197,"column":68}},"line":197},"16":{"name":"(anonymous_16)","decl":{"start":{"line":208,"column":2},"end":{"line":208,"column":24}},"loc":{"start":{"line":208,"column":31},"end":{"line":214,"column":null}},"line":208},"17":{"name":"(anonymous_17)","decl":{"start":{"line":210,"column":39},"end":{"line":210,"column":45}},"loc":{"start":{"line":210,"column":51},"end":{"line":210,"column":62}},"line":210},"18":{"name":"(anonymous_18)","decl":{"start":{"line":216,"column":29},"end":{"line":216,"column":36}},"loc":{"start":{"line":216,"column":62},"end":{"line":230,"column":null}},"line":216},"19":{"name":"(anonymous_19)","decl":{"start":{"line":232,"column":27},"end":{"line":232,"column":34}},"loc":{"start":{"line":232,"column":60},"end":{"line":251,"column":null}},"line":232},"20":{"name":"(anonymous_20)","decl":{"start":{"line":253,"column":23},"end":{"line":253,"column":30}},"loc":{"start":{"line":253,"column":37},"end":{"line":271,"column":null}},"line":253},"21":{"name":"(anonymous_21)","decl":{"start":{"line":255,"column":35},"end":{"line":255,"column":41}},"loc":{"start":{"line":255,"column":47},"end":{"line":255,"column":58}},"line":255},"22":{"name":"(anonymous_22)","decl":{"start":{"line":273,"column":31},"end":{"line":273,"column":38}},"loc":{"start":{"line":273,"column":50},"end":{"line":284,"column":null}},"line":273},"23":{"name":"(anonymous_23)","decl":{"start":{"line":286,"column":29},"end":{"line":286,"column":36}},"loc":{"start":{"line":286,"column":48},"end":{"line":301,"column":null}},"line":286},"24":{"name":"(anonymous_24)","decl":{"start":{"line":303,"column":25},"end":{"line":303,"column":32}},"loc":{"start":{"line":303,"column":39},"end":{"line":321,"column":null}},"line":303},"25":{"name":"(anonymous_25)","decl":{"start":{"line":305,"column":39},"end":{"line":305,"column":45}},"loc":{"start":{"line":305,"column":51},"end":{"line":305,"column":62}},"line":305},"26":{"name":"(anonymous_26)","decl":{"start":{"line":323,"column":20},"end":{"line":323,"column":27}},"loc":{"start":{"line":323,"column":34},"end":{"line":341,"column":null}},"line":323},"27":{"name":"(anonymous_27)","decl":{"start":{"line":325,"column":29},"end":{"line":325,"column":35}},"loc":{"start":{"line":325,"column":41},"end":{"line":325,"column":52}},"line":325},"28":{"name":"(anonymous_28)","decl":{"start":{"line":343,"column":2},"end":{"line":343,"column":25}},"loc":{"start":{"line":343,"column":37},"end":{"line":351,"column":null}},"line":343}},"branchMap":{"0":{"loc":{"start":{"line":99,"column":20},"end":{"line":99,"column":null}},"type":"cond-expr","locations":[{"start":{"line":99,"column":43},"end":{"line":99,"column":57}},{"start":{"line":99,"column":57},"end":{"line":99,"column":null}}],"line":99},"1":{"loc":{"start":{"line":111,"column":20},"end":{"line":111,"column":null}},"type":"cond-expr","locations":[{"start":{"line":111,"column":43},"end":{"line":111,"column":57}},{"start":{"line":111,"column":57},"end":{"line":111,"column":null}}],"line":111},"2":{"loc":{"start":{"line":123,"column":20},"end":{"line":123,"column":null}},"type":"cond-expr","locations":[{"start":{"line":123,"column":43},"end":{"line":123,"column":57}},{"start":{"line":123,"column":57},"end":{"line":123,"column":null}}],"line":123},"3":{"loc":{"start":{"line":151,"column":4},"end":{"line":160,"column":null}},"type":"if","locations":[{"start":{"line":151,"column":4},"end":{"line":160,"column":null}},{"start":{"line":156,"column":11},"end":{"line":160,"column":null}}],"line":151},"4":{"loc":{"start":{"line":156,"column":11},"end":{"line":160,"column":null}},"type":"if","locations":[{"start":{"line":156,"column":11},"end":{"line":160,"column":null}},{"start":{"line":158,"column":11},"end":{"line":160,"column":null}}],"line":156},"5":{"loc":{"start":{"line":192,"column":4},"end":{"line":192,"column":null}},"type":"if","locations":[{"start":{"line":192,"column":4},"end":{"line":192,"column":null}},{"start":{},"end":{}}],"line":192},"6":{"loc":{"start":{"line":202,"column":22},"end":{"line":202,"column":null}},"type":"cond-expr","locations":[{"start":{"line":202,"column":45},"end":{"line":202,"column":59}},{"start":{"line":202,"column":59},"end":{"line":202,"column":null}}],"line":202},"7":{"loc":{"start":{"line":211,"column":4},"end":{"line":213,"column":null}},"type":"if","locations":[{"start":{"line":211,"column":4},"end":{"line":213,"column":null}},{"start":{},"end":{}}],"line":211},"8":{"loc":{"start":{"line":219,"column":6},"end":{"line":221,"column":null}},"type":"if","locations":[{"start":{"line":219,"column":6},"end":{"line":221,"column":null}},{"start":{},"end":{}}],"line":219},"9":{"loc":{"start":{"line":219,"column":10},"end":{"line":219,"column":59}},"type":"binary-expr","locations":[{"start":{"line":219,"column":10},"end":{"line":219,"column":34}},{"start":{"line":219,"column":34},"end":{"line":219,"column":59}}],"line":219},"10":{"loc":{"start":{"line":226,"column":22},"end":{"line":226,"column":null}},"type":"cond-expr","locations":[{"start":{"line":226,"column":45},"end":{"line":226,"column":59}},{"start":{"line":226,"column":59},"end":{"line":226,"column":null}}],"line":226},"11":{"loc":{"start":{"line":240,"column":6},"end":{"line":242,"column":null}},"type":"if","locations":[{"start":{"line":240,"column":6},"end":{"line":242,"column":null}},{"start":{},"end":{}}],"line":240},"12":{"loc":{"start":{"line":247,"column":22},"end":{"line":247,"column":null}},"type":"cond-expr","locations":[{"start":{"line":247,"column":45},"end":{"line":247,"column":59}},{"start":{"line":247,"column":59},"end":{"line":247,"column":null}}],"line":247},"13":{"loc":{"start":{"line":256,"column":18},"end":{"line":256,"column":null}},"type":"binary-expr","locations":[{"start":{"line":256,"column":18},"end":{"line":256,"column":36}},{"start":{"line":256,"column":36},"end":{"line":256,"column":null}}],"line":256},"14":{"loc":{"start":{"line":258,"column":4},"end":{"line":260,"column":null}},"type":"if","locations":[{"start":{"line":258,"column":4},"end":{"line":260,"column":null}},{"start":{},"end":{}}],"line":258},"15":{"loc":{"start":{"line":267,"column":22},"end":{"line":267,"column":null}},"type":"cond-expr","locations":[{"start":{"line":267,"column":45},"end":{"line":267,"column":59}},{"start":{"line":267,"column":59},"end":{"line":267,"column":null}}],"line":267},"16":{"loc":{"start":{"line":280,"column":22},"end":{"line":280,"column":null}},"type":"cond-expr","locations":[{"start":{"line":280,"column":45},"end":{"line":280,"column":59}},{"start":{"line":280,"column":59},"end":{"line":280,"column":null}}],"line":280},"17":{"loc":{"start":{"line":297,"column":22},"end":{"line":297,"column":null}},"type":"cond-expr","locations":[{"start":{"line":297,"column":45},"end":{"line":297,"column":59}},{"start":{"line":297,"column":59},"end":{"line":297,"column":null}}],"line":297},"18":{"loc":{"start":{"line":306,"column":16},"end":{"line":306,"column":null}},"type":"binary-expr","locations":[{"start":{"line":306,"column":16},"end":{"line":306,"column":34}},{"start":{"line":306,"column":34},"end":{"line":306,"column":null}}],"line":306},"19":{"loc":{"start":{"line":308,"column":4},"end":{"line":310,"column":null}},"type":"if","locations":[{"start":{"line":308,"column":4},"end":{"line":310,"column":null}},{"start":{},"end":{}}],"line":308},"20":{"loc":{"start":{"line":317,"column":22},"end":{"line":317,"column":null}},"type":"cond-expr","locations":[{"start":{"line":317,"column":45},"end":{"line":317,"column":59}},{"start":{"line":317,"column":59},"end":{"line":317,"column":null}}],"line":317},"21":{"loc":{"start":{"line":326,"column":18},"end":{"line":326,"column":null}},"type":"binary-expr","locations":[{"start":{"line":326,"column":18},"end":{"line":326,"column":34}},{"start":{"line":326,"column":34},"end":{"line":326,"column":null}}],"line":326},"22":{"loc":{"start":{"line":328,"column":4},"end":{"line":330,"column":null}},"type":"if","locations":[{"start":{"line":328,"column":4},"end":{"line":330,"column":null}},{"start":{},"end":{}}],"line":328},"23":{"loc":{"start":{"line":337,"column":22},"end":{"line":337,"column":null}},"type":"cond-expr","locations":[{"start":{"line":337,"column":45},"end":{"line":337,"column":59}},{"start":{"line":337,"column":59},"end":{"line":337,"column":null}}],"line":337},"24":{"loc":{"start":{"line":344,"column":4},"end":{"line":350,"column":null}},"type":"if","locations":[{"start":{"line":344,"column":4},"end":{"line":350,"column":null}},{"start":{},"end":{}}],"line":344}},"s":{"0":1,"1":5,"2":5,"3":5,"4":4,"5":4,"6":1,"7":1,"8":1,"9":2,"10":2,"11":2,"12":2,"13":0,"14":0,"15":0,"16":2,"17":2,"18":2,"19":2,"20":0,"21":0,"22":0,"23":1,"24":1,"25":3,"26":4,"27":4,"28":4,"29":2,"30":2,"31":2,"32":0,"33":2,"34":1,"35":1,"36":19,"37":8,"38":4,"39":1,"40":1,"41":1,"42":1,"43":1,"44":1,"45":1,"46":1,"47":0,"48":1,"49":1,"50":1,"51":1,"52":0,"53":0,"54":0,"55":1,"56":1,"57":1,"58":1,"59":1,"60":1,"61":1,"62":1,"63":0,"64":1,"65":1,"66":1,"67":0,"68":0,"69":0,"70":1,"71":1,"72":1,"73":1,"74":0,"75":1,"76":1,"77":1,"78":0,"79":0,"80":0,"81":1,"82":1,"83":1,"84":1,"85":1,"86":0,"87":1,"88":1,"89":1,"90":1,"91":0,"92":0,"93":0,"94":1,"95":1,"96":1,"97":1,"98":1,"99":0,"100":0,"101":0,"102":0,"103":0,"104":0,"105":0,"106":0,"107":0,"108":0,"109":0,"110":0,"111":0,"112":0,"113":0,"114":0,"115":0,"116":0,"117":0,"118":0,"119":0,"120":0,"121":0,"122":0,"123":0,"124":2,"125":2,"126":2,"127":2,"128":2,"129":1,"130":1,"131":1,"132":1,"133":1,"134":0,"135":0,"136":0,"137":1,"138":1,"139":1,"140":1},"f":{"0":5,"1":2,"2":2,"3":1,"4":3,"5":4,"6":2,"7":0,"8":19,"9":8,"10":4,"11":1,"12":1,"13":1,"14":1,"15":1,"16":1,"17":1,"18":1,"19":1,"20":1,"21":1,"22":1,"23":0,"24":0,"25":0,"26":2,"27":2,"28":1},"b":{"0":[1,0],"1":[0,0],"2":[0,0],"3":[2,2],"4":[1,1],"5":[0,1],"6":[0,0],"7":[1,0],"8":[0,1],"9":[1,0],"10":[0,0],"11":[0,1],"12":[0,0],"13":[1,0],"14":[0,1],"15":[0,0],"16":[0,0],"17":[0,0],"18":[0,0],"19":[0,0],"20":[0,0],"21":[2,0],"22":[1,1],"23":[0,0],"24":[1,0]},"meta":{"lastBranch":25,"lastFunction":29,"lastStatement":141,"seen":{"s:76:21:89:Infinity":0,"f:91:15:91:28":0,"s:92:2:101:Infinity":1,"s:93:4:93:Infinity":2,"s:94:17:94:40":3,"s:95:21:95:Infinity":4,"s:96:4:96:Infinity":5,"s:98:4:98:Infinity":6,"s:99:20:99:Infinity":7,"b:99:43:99:57:99:57:99:Infinity":0,"s:100:4:100:Infinity":8,"f:104:15:104:30":1,"s:105:2:113:Infinity":9,"s:106:4:106:Infinity":10,"s:107:17:107:39":11,"s:108:4:108:Infinity":12,"s:110:4:110:Infinity":13,"s:111:20:111:Infinity":14,"b:111:43:111:57:111:57:111:Infinity":1,"s:112:4:112:Infinity":15,"f:116:15:116:25":2,"s:117:2:125:Infinity":16,"s:118:4:118:Infinity":17,"s:119:17:119:34":18,"s:120:4:120:Infinity":19,"s:122:4:122:Infinity":20,"s:123:20:123:Infinity":21,"b:123:43:123:57:123:57:123:Infinity":2,"s:124:4:124:Infinity":22,"s:128:29:352:Infinity":23,"f:128:29:128:49":3,"s:128:63:352:2":24,"f:131:2:131:15":4,"s:132:4:140:Infinity":25,"f:143:22:143:34":5,"s:144:24:144:Infinity":26,"s:145:4:149:Infinity":27,"b:151:4:160:Infinity:156:11:160:Infinity":3,"s:151:4:160:Infinity":28,"s:152:6:152:Infinity":29,"s:153:6:155:Infinity":30,"f:154:9:154:15":6,"s:154:24:154:49":31,"f:155:9:155:16":7,"s:155:24:155:42":32,"b:156:11:160:Infinity:158:11:160:Infinity":4,"s:156:11:160:Infinity":33,"s:157:6:157:Infinity":34,"s:159:6:159:Infinity":35,"f:163:2:163:15":8,"s:163:15:163:Infinity":36,"f:165:2:165:23":9,"s:165:23:165:Infinity":37,"f:167:2:167:Infinity":10,"s:168:4:173:Infinity":38,"f:175:2:175:20":11,"s:176:4:176:Infinity":39,"s:177:4:181:Infinity":40,"f:184:2:184:22":12,"s:185:4:185:Infinity":41,"s:186:4:186:Infinity":42,"f:189:21:189:28":13,"s:190:4:190:Infinity":43,"s:191:20:191:Infinity":44,"f:191:35:191:41":14,"s:191:47:191:58":45,"b:192:4:192:Infinity:undefined:undefined:undefined:undefined":5,"s:192:4:192:Infinity":46,"s:192:18:192:Infinity":47,"s:194:4:205:Infinity":48,"s:195:32:195:Infinity":49,"s:196:6:200:Infinity":50,"f:197:53:197:58":15,"s:197:64:197:68":51,"s:202:22:202:Infinity":52,"b:202:45:202:59:202:59:202:Infinity":6,"s:203:6:203:Infinity":53,"s:204:6:204:Infinity":54,"f:208:2:208:24":16,"s:209:4:209:Infinity":55,"s:210:22:210:Infinity":56,"f:210:39:210:45":17,"s:210:51:210:62":57,"b:211:4:213:Infinity:undefined:undefined:undefined:undefined":7,"s:211:4:213:Infinity":58,"s:212:6:212:Infinity":59,"f:216:29:216:36":18,"s:217:4:229:Infinity":60,"s:218:22:218:Infinity":61,"b:219:6:221:Infinity:undefined:undefined:undefined:undefined":8,"s:219:6:221:Infinity":62,"b:219:10:219:34:219:34:219:59":9,"s:220:8:220:Infinity":63,"s:222:6:222:Infinity":64,"s:223:6:223:Infinity":65,"s:224:6:224:Infinity":66,"s:226:22:226:Infinity":67,"b:226:45:226:59:226:59:226:Infinity":10,"s:227:6:227:Infinity":68,"s:228:6:228:Infinity":69,"f:232:27:232:34":19,"s:233:4:250:Infinity":70,"s:234:26:234:Infinity":71,"s:235:6:239:Infinity":72,"b:240:6:242:Infinity:undefined:undefined:undefined:undefined":11,"s:240:6:242:Infinity":73,"s:241:8:241:Infinity":74,"s:243:6:243:Infinity":75,"s:244:6:244:Infinity":76,"s:245:6:245:Infinity":77,"s:247:22:247:Infinity":78,"b:247:45:247:59:247:59:247:Infinity":12,"s:248:6:248:Infinity":79,"s:249:6:249:Infinity":80,"f:253:23:253:30":20,"s:254:4:254:Infinity":81,"s:255:20:255:Infinity":82,"f:255:35:255:41":21,"s:255:47:255:58":83,"s:256:18:256:Infinity":84,"b:256:18:256:36:256:36:256:Infinity":13,"b:258:4:260:Infinity:undefined:undefined:undefined:undefined":14,"s:258:4:260:Infinity":85,"s:259:6:259:Infinity":86,"s:262:4:270:Infinity":87,"s:263:6:263:Infinity":88,"s:264:6:264:Infinity":89,"s:265:6:265:Infinity":90,"s:267:22:267:Infinity":91,"b:267:45:267:59:267:59:267:Infinity":15,"s:268:6:268:Infinity":92,"s:269:6:269:Infinity":93,"f:273:31:273:38":22,"s:274:4:283:Infinity":94,"s:275:6:275:Infinity":95,"s:276:6:276:Infinity":96,"s:277:6:277:Infinity":97,"s:278:6:278:Infinity":98,"s:280:22:280:Infinity":99,"b:280:45:280:59:280:59:280:Infinity":16,"s:281:6:281:Infinity":100,"s:282:6:282:Infinity":101,"f:286:29:286:36":23,"s:287:4:300:Infinity":102,"s:288:26:288:Infinity":103,"s:289:6:292:Infinity":104,"s:293:6:293:Infinity":105,"s:294:6:294:Infinity":106,"s:295:6:295:Infinity":107,"s:297:22:297:Infinity":108,"b:297:45:297:59:297:59:297:Infinity":17,"s:298:6:298:Infinity":109,"s:299:6:299:Infinity":110,"f:303:25:303:32":24,"s:304:4:304:Infinity":111,"s:305:22:305:Infinity":112,"f:305:39:305:45":25,"s:305:51:305:62":113,"s:306:16:306:Infinity":114,"b:306:16:306:34:306:34:306:Infinity":18,"b:308:4:310:Infinity:undefined:undefined:undefined:undefined":19,"s:308:4:310:Infinity":115,"s:309:6:309:Infinity":116,"s:312:4:320:Infinity":117,"s:313:6:313:Infinity":118,"s:314:6:314:Infinity":119,"s:315:6:315:Infinity":120,"s:317:22:317:Infinity":121,"b:317:45:317:59:317:59:317:Infinity":20,"s:318:6:318:Infinity":122,"s:319:6:319:Infinity":123,"f:323:20:323:27":26,"s:324:4:324:Infinity":124,"s:325:17:325:Infinity":125,"f:325:29:325:35":27,"s:325:41:325:52":126,"s:326:18:326:Infinity":127,"b:326:18:326:34:326:34:326:Infinity":21,"b:328:4:330:Infinity:undefined:undefined:undefined:undefined":22,"s:328:4:330:Infinity":128,"s:329:6:329:Infinity":129,"s:332:4:340:Infinity":130,"s:333:6:333:Infinity":131,"s:334:6:334:Infinity":132,"s:335:6:335:Infinity":133,"s:337:22:337:Infinity":134,"b:337:45:337:59:337:59:337:Infinity":23,"s:338:6:338:Infinity":135,"s:339:6:339:Infinity":136,"f:343:2:343:25":28,"b:344:4:350:Infinity:undefined:undefined:undefined:undefined":24,"s:344:4:350:Infinity":137,"s:345:6:345:Infinity":138,"s:346:6:346:Infinity":139,"s:347:6:349:Infinity":140},"fnNames":{}}}
,"C:\\Users\\flori\\Documents\\ADA\\Projet_ZoliBlog\\java_blog\\admin\\src\\store\\authStore.ts": {"path":"C:\\Users\\flori\\Documents\\ADA\\Projet_ZoliBlog\\java_blog\\admin\\src\\store\\authStore.ts","statementMap":{"0":{"start":{"line":22,"column":28},"end":{"line":57,"column":null}},"1":{"start":{"line":22,"column":56},"end":{"line":57,"column":2}},"2":{"start":{"line":30,"column":4},"end":{"line":44,"column":null}},"3":{"start":{"line":31,"column":6},"end":{"line":31,"column":null}},"4":{"start":{"line":32,"column":19},"end":{"line":32,"column":null}},"5":{"start":{"line":33,"column":6},"end":{"line":38,"column":null}},"6":{"start":{"line":40,"column":6},"end":{"line":43,"column":null}},"7":{"start":{"line":48,"column":4},"end":{"line":48,"column":null}},"8":{"start":{"line":49,"column":4},"end":{"line":53,"column":null}},"9":{"start":{"line":56,"column":25},"end":{"line":56,"column":null}}},"fnMap":{"0":{"name":"(anonymous_0)","decl":{"start":{"line":22,"column":28},"end":{"line":22,"column":47}},"loc":{"start":{"line":22,"column":56},"end":{"line":57,"column":2}},"line":22},"1":{"name":"(anonymous_1)","decl":{"start":{"line":29,"column":9},"end":{"line":29,"column":16}},"loc":{"start":{"line":29,"column":32},"end":{"line":45,"column":null}},"line":29},"2":{"name":"(anonymous_2)","decl":{"start":{"line":47,"column":2},"end":{"line":47,"column":16}},"loc":{"start":{"line":47,"column":16},"end":{"line":54,"column":null}},"line":47},"3":{"name":"(anonymous_3)","decl":{"start":{"line":56,"column":2},"end":{"line":56,"column":25}},"loc":{"start":{"line":56,"column":25},"end":{"line":56,"column":null}},"line":56}},"branchMap":{"0":{"loc":{"start":{"line":41,"column":20},"end":{"line":41,"column":null}},"type":"cond-expr","locations":[{"start":{"line":41,"column":43},"end":{"line":41,"column":57}},{"start":{"line":41,"column":57},"end":{"line":41,"column":null}}],"line":41}},"s":{"0":2,"1":2,"2":1,"3":1,"4":1,"5":1,"6":0,"7":2,"8":2,"9":1},"f":{"0":2,"1":1,"2":2,"3":1},"b":{"0":[0,0]},"meta":{"lastBranch":1,"lastFunction":4,"lastStatement":10,"seen":{"s:22:28:57:Infinity":0,"f:22:28:22:47":0,"s:22:56:57:2":1,"f:29:9:29:16":1,"s:30:4:44:Infinity":2,"s:31:6:31:Infinity":3,"s:32:19:32:Infinity":4,"s:33:6:38:Infinity":5,"s:40:6:43:Infinity":6,"b:41:43:41:57:41:57:41:Infinity":0,"f:47:2:47:16":2,"s:48:4:48:Infinity":7,"s:49:4:53:Infinity":8,"f:56:2:56:25":3,"s:56:25:56:Infinity":9},"fnNames":{}}}
,"C:\\Users\\flori\\Documents\\ADA\\Projet_ZoliBlog\\java_blog\\admin\\src\\utils\\formatUtils.ts": {"path":"C:\\Users\\flori\\Documents\\ADA\\Projet_ZoliBlog\\java_blog\\admin\\src\\utils\\formatUtils.ts","statementMap":{"0":{"start":{"line":2,"column":2},"end":{"line":8,"column":null}},"1":{"start":{"line":12,"column":2},"end":{"line":12,"column":null}},"2":{"start":{"line":12,"column":29},"end":{"line":12,"column":null}},"3":{"start":{"line":13,"column":2},"end":{"line":13,"column":null}},"4":{"start":{"line":17,"column":2},"end":{"line":17,"column":null}},"5":{"start":{"line":17,"column":46},"end":{"line":17,"column":null}},"6":{"start":{"line":18,"column":2},"end":{"line":18,"column":null}},"7":{"start":{"line":18,"column":31},"end":{"line":18,"column":36}}},"fnMap":{"0":{"name":"formatArticleDate","decl":{"start":{"line":1,"column":16},"end":{"line":1,"column":34}},"loc":{"start":{"line":1,"column":59},"end":{"line":9,"column":null}},"line":1},"1":{"name":"excerpt","decl":{"start":{"line":11,"column":16},"end":{"line":11,"column":24}},"loc":{"start":{"line":11,"column":60},"end":{"line":14,"column":null}},"line":11},"2":{"name":"formatCategoryList","decl":{"start":{"line":16,"column":16},"end":{"line":16,"column":35}},"loc":{"start":{"line":16,"column":93},"end":{"line":19,"column":null}},"line":16},"3":{"name":"(anonymous_3)","decl":{"start":{"line":18,"column":20},"end":{"line":18,"column":25}},"loc":{"start":{"line":18,"column":31},"end":{"line":18,"column":36}},"line":18}},"branchMap":{"0":{"loc":{"start":{"line":11,"column":38},"end":{"line":11,"column":60}},"type":"default-arg","locations":[{"start":{"line":11,"column":47},"end":{"line":11,"column":60}}],"line":11},"1":{"loc":{"start":{"line":12,"column":2},"end":{"line":12,"column":null}},"type":"if","locations":[{"start":{"line":12,"column":2},"end":{"line":12,"column":null}},{"start":{},"end":{}}],"line":12},"2":{"loc":{"start":{"line":17,"column":2},"end":{"line":17,"column":null}},"type":"if","locations":[{"start":{"line":17,"column":2},"end":{"line":17,"column":null}},{"start":{},"end":{}}],"line":17},"3":{"loc":{"start":{"line":17,"column":6},"end":{"line":17,"column":46}},"type":"binary-expr","locations":[{"start":{"line":17,"column":6},"end":{"line":17,"column":21}},{"start":{"line":17,"column":21},"end":{"line":17,"column":46}}],"line":17}},"s":{"0":1,"1":2,"2":1,"3":1,"4":3,"5":2,"6":1,"7":2},"f":{"0":1,"1":2,"2":3,"3":2},"b":{"0":[2],"1":[1,1],"2":[2,1],"3":[3,2]},"meta":{"lastBranch":4,"lastFunction":4,"lastStatement":8,"seen":{"f:1:16:1:34":0,"s:2:2:8:Infinity":0,"f:11:16:11:24":1,"b:11:47:11:60":0,"b:12:2:12:Infinity:undefined:undefined:undefined:undefined":1,"s:12:2:12:Infinity":1,"s:12:29:12:Infinity":2,"s:13:2:13:Infinity":3,"f:16:16:16:35":2,"b:17:2:17:Infinity:undefined:undefined:undefined:undefined":2,"s:17:2:17:Infinity":4,"b:17:6:17:21:17:21:17:46":3,"s:17:46:17:Infinity":5,"s:18:2:18:Infinity":6,"f:18:20:18:25":3,"s:18:31:18:36":7},"fnNames":{}}}
}
