{"C:\\Users\\flori\\Documents\\ADA\\Projet_ZoliBlog\\java_blog\\site\\src\\api\\articles.ts": {"path":"C:\\Users\\flori\\Documents\\ADA\\Projet_ZoliBlog\\java_blog\\site\\src\\api\\articles.ts","statementMap":{"0":{"start":{"line":1,"column":23},"end":{"line":1,"column":null}},"1":{"start":{"line":19,"column":14},"end":{"line":19,"column":null}},"2":{"start":{"line":20,"column":2},"end":{"line":20,"column":null}},"3":{"start":{"line":20,"column":15},"end":{"line":20,"column":null}},"4":{"start":{"line":21,"column":2},"end":{"line":21,"column":null}},"5":{"start":{"line":25,"column":14},"end":{"line":25,"column":null}},"6":{"start":{"line":26,"column":2},"end":{"line":26,"column":null}},"7":{"start":{"line":26,"column":15},"end":{"line":26,"column":null}},"8":{"start":{"line":27,"column":2},"end":{"line":27,"column":null}},"9":{"start":{"line":31,"column":14},"end":{"line":31,"column":null}},"10":{"start":{"line":32,"column":2},"end":{"line":32,"column":null}},"11":{"start":{"line":32,"column":26},"end":{"line":32,"column":null}},"12":{"start":{"line":33,"column":2},"end":{"line":33,"column":null}},"13":{"start":{"line":33,"column":15},"end":{"line":33,"column":null}},"14":{"start":{"line":34,"column":2},"end":{"line":34,"column":null}},"15":{"start":{"line":38,"column":14},"end":{"line":38,"column":null}},"16":{"start":{"line":39,"column":2},"end":{"line":39,"column":null}},"17":{"start":{"line":39,"column":15},"end":{"line":39,"column":null}},"18":{"start":{"line":40,"column":2},"end":{"line":40,"column":null}},"19":{"start":{"line":44,"column":14},"end":{"line":44,"column":null}},"20":{"start":{"line":45,"column":2},"end":{"line":45,"column":null}},"21":{"start":{"line":45,"column":15},"end":{"line":45,"column":null}},"22":{"start":{"line":46,"column":2},"end":{"line":46,"column":null}},"23":{"start":{"line":50,"column":14},"end":{"line":50,"column":null}},"24":{"start":{"line":51,"column":2},"end":{"line":51,"column":null}},"25":{"start":{"line":51,"column":15},"end":{"line":51,"column":null}},"26":{"start":{"line":52,"column":2},"end":{"line":52,"column":null}},"27":{"start":{"line":56,"column":2},"end":{"line":65,"column":null}},"28":{"start":{"line":58,"column":6},"end":{"line":63,"column":null}},"29":{"start":{"line":59,"column":27},"end":{"line":59,"column":null}},"30":{"start":{"line":60,"column":8},"end":{"line":60,"column":null}},"31":{"start":{"line":62,"column":8},"end":{"line":62,"column":null}}},"fnMap":{"0":{"name":"fetchArticles","decl":{"start":{"line":18,"column":22},"end":{"line":18,"column":58}},"loc":{"start":{"line":18,"column":58},"end":{"line":22,"column":null}},"line":18},"1":{"name":"fetchRecentArticles","decl":{"start":{"line":24,"column":22},"end":{"line":24,"column":64}},"loc":{"start":{"line":24,"column":64},"end":{"line":28,"column":null}},"line":24},"2":{"name":"fetchArticle","decl":{"start":{"line":30,"column":22},"end":{"line":30,"column":35}},"loc":{"start":{"line":30,"column":72},"end":{"line":35,"column":null}},"line":30},"3":{"name":"fetchCategories","decl":{"start":{"line":37,"column":22},"end":{"line":37,"column":62}},"loc":{"start":{"line":37,"column":62},"end":{"line":41,"column":null}},"line":37},"4":{"name":"fetchArticlesByCategory","decl":{"start":{"line":43,"column":22},"end":{"line":43,"column":46}},"loc":{"start":{"line":43,"column":86},"end":{"line":47,"column":null}},"line":43},"5":{"name":"fetchArticleCategories","decl":{"start":{"line":49,"column":22},"end":{"line":49,"column":45}},"loc":{"start":{"line":49,"column":86},"end":{"line":53,"column":null}},"line":49},"6":{"name":"enrichArticlesWithCategories","decl":{"start":{"line":55,"column":22},"end":{"line":55,"column":51}},"loc":{"start":{"line":55,"column":92},"end":{"line":66,"column":null}},"line":55},"7":{"name":"(anonymous_7)","decl":{"start":{"line":57,"column":17},"end":{"line":57,"column":24}},"loc":{"start":{"line":57,"column":36},"end":{"line":64,"column":5}},"line":57}},"branchMap":{"0":{"loc":{"start":{"line":20,"column":2},"end":{"line":20,"column":null}},"type":"if","locations":[{"start":{"line":20,"column":2},"end":{"line":20,"column":null}},{"start":{},"end":{}}],"line":20},"1":{"loc":{"start":{"line":26,"column":2},"end":{"line":26,"column":null}},"type":"if","locations":[{"start":{"line":26,"column":2},"end":{"line":26,"column":null}},{"start":{},"end":{}}],"line":26},"2":{"loc":{"start":{"line":32,"column":2},"end":{"line":32,"column":null}},"type":"if","locations":[{"start":{"line":32,"column":2},"end":{"line":32,"column":null}},{"start":{},"end":{}}],"line":32},"3":{"loc":{"start":{"line":33,"column":2},"end":{"line":33,"column":null}},"type":"if","locations":[{"start":{"line":33,"column":2},"end":{"line":33,"column":null}},{"start":{},"end":{}}],"line":33},"4":{"loc":{"start":{"line":39,"column":2},"end":{"line":39,"column":null}},"type":"if","locations":[{"start":{"line":39,"column":2},"end":{"line":39,"column":null}},{"start":{},"end":{}}],"line":39},"5":{"loc":{"start":{"line":45,"column":2},"end":{"line":45,"column":null}},"type":"if","locations":[{"start":{"line":45,"column":2},"end":{"line":45,"column":null}},{"start":{},"end":{}}],"line":45},"6":{"loc":{"start":{"line":51,"column":2},"end":{"line":51,"column":null}},"type":"if","locations":[{"start":{"line":51,"column":2},"end":{"line":51,"column":null}},{"start":{},"end":{}}],"line":51}},"s":{"0":5,"1":1,"2":1,"3":0,"4":1,"5":1,"6":1,"7":0,"8":1,"9":1,"10":1,"11":1,"12":0,"13":0,"14":0,"15":1,"16":1,"17":1,"18":0,"19":1,"20":1,"21":0,"22":1,"23":1,"24":1,"25":1,"26":0,"27":1,"28":1,"29":1,"30":0,"31":1},"f":{"0":1,"1":1,"2":1,"3":1,"4":1,"5":1,"6":1,"7":1},"b":{"0":[0,1],"1":[0,1],"2":[1,0],"3":[0,0],"4":[1,0],"5":[0,1],"6":[1,0]},"meta":{"lastBranch":7,"lastFunction":8,"lastStatement":32,"seen":{"s:1:23:1:Infinity":0,"f:18:22:18:58":0,"s:19:14:19:Infinity":1,"b:20:2:20:Infinity:undefined:undefined:undefined:undefined":0,"s:20:2:20:Infinity":2,"s:20:15:20:Infinity":3,"s:21:2:21:Infinity":4,"f:24:22:24:64":1,"s:25:14:25:Infinity":5,"b:26:2:26:Infinity:undefined:undefined:undefined:undefined":1,"s:26:2:26:Infinity":6,"s:26:15:26:Infinity":7,"s:27:2:27:Infinity":8,"f:30:22:30:35":2,"s:31:14:31:Infinity":9,"b:32:2:32:Infinity:undefined:undefined:undefined:undefined":2,"s:32:2:32:Infinity":10,"s:32:26:32:Infinity":11,"b:33:2:33:Infinity:undefined:undefined:undefined:undefined":3,"s:33:2:33:Infinity":12,"s:33:15:33:Infinity":13,"s:34:2:34:Infinity":14,"f:37:22:37:62":3,"s:38:14:38:Infinity":15,"b:39:2:39:Infinity:undefined:undefined:undefined:undefined":4,"s:39:2:39:Infinity":16,"s:39:15:39:Infinity":17,"s:40:2:40:Infinity":18,"f:43:22:43:46":4,"s:44:14:44:Infinity":19,"b:45:2:45:Infinity:undefined:undefined:undefined:undefined":5,"s:45:2:45:Infinity":20,"s:45:15:45:Infinity":21,"s:46:2:46:Infinity":22,"f:49:22:49:45":5,"s:50:14:50:Infinity":23,"b:51:2:51:Infinity:undefined:undefined:undefined:undefined":6,"s:51:2:51:Infinity":24,"s:51:15:51:Infinity":25,"s:52:2:52:Infinity":26,"f:55:22:55:51":6,"s:56:2:65:Infinity":27,"f:57:17:57:24":7,"s:58:6:63:Infinity":28,"s:59:27:59:Infinity":29,"s:60:8:60:Infinity":30,"s:62:8:62:Infinity":31},"fnNames":{}}}
,"C:\\Users\\flori\\Documents\\ADA\\Projet_ZoliBlog\\java_blog\\site\\src\\api\\auth.ts": {"path":"C:\\Users\\flori\\Documents\\ADA\\Projet_ZoliBlog\\java_blog\\site\\src\\api\\auth.ts","statementMap":{"0":{"start":{"line":3,"column":18},"end":{"line":3,"column":null}},"1":{"start":{"line":4,"column":19},"end":{"line":4,"column":null}},"2":{"start":{"line":5,"column":20},"end":{"line":5,"column":null}},"3":{"start":{"line":30,"column":16},"end":{"line":30,"column":null}},"4":{"start":{"line":31,"column":17},"end":{"line":31,"column":null}},"5":{"start":{"line":32,"column":17},"end":{"line":32,"column":null}},"6":{"start":{"line":34,"column":2},"end":{"line":34,"column":null}},"7":{"start":{"line":34,"column":36},"end":{"line":34,"column":null}},"8":{"start":{"line":36,"column":2},"end":{"line":36,"column":null}},"9":{"start":{"line":40,"column":2},"end":{"line":40,"column":null}},"10":{"start":{"line":44,"column":2},"end":{"line":44,"column":null}},"11":{"start":{"line":45,"column":2},"end":{"line":45,"column":null}},"12":{"start":{"line":46,"column":2},"end":{"line":46,"column":null}},"13":{"start":{"line":50,"column":2},"end":{"line":50,"column":null}},"14":{"start":{"line":51,"column":2},"end":{"line":51,"column":null}},"15":{"start":{"line":52,"column":2},"end":{"line":52,"column":null}},"16":{"start":{"line":57,"column":14},"end":{"line":61,"column":null}},"17":{"start":{"line":63,"column":2},"end":{"line":65,"column":null}},"18":{"start":{"line":64,"column":4},"end":{"line":64,"column":null}},"19":{"start":{"line":66,"column":2},"end":{"line":68,"column":null}},"20":{"start":{"line":67,"column":4},"end":{"line":67,"column":null}},"21":{"start":{"line":70,"column":2},"end":{"line":70,"column":null}},"22":{"start":{"line":75,"column":14},"end":{"line":79,"column":null}},"23":{"start":{"line":81,"column":2},"end":{"line":83,"column":null}},"24":{"start":{"line":82,"column":4},"end":{"line":82,"column":null}},"25":{"start":{"line":84,"column":2},"end":{"line":86,"column":null}},"26":{"start":{"line":85,"column":4},"end":{"line":85,"column":null}},"27":{"start":{"line":88,"column":2},"end":{"line":88,"column":null}}},"fnMap":{"0":{"name":"getStoredAuth","decl":{"start":{"line":29,"column":16},"end":{"line":29,"column":53}},"loc":{"start":{"line":29,"column":53},"end":{"line":37,"column":null}},"line":29},"1":{"name":"getToken","decl":{"start":{"line":39,"column":16},"end":{"line":39,"column":42}},"loc":{"start":{"line":39,"column":42},"end":{"line":41,"column":null}},"line":39},"2":{"name":"persistAuth","decl":{"start":{"line":43,"column":16},"end":{"line":43,"column":28}},"loc":{"start":{"line":43,"column":54},"end":{"line":47,"column":null}},"line":43},"3":{"name":"clearAuth","decl":{"start":{"line":49,"column":16},"end":{"line":49,"column":34}},"loc":{"start":{"line":49,"column":34},"end":{"line":53,"column":null}},"line":49},"4":{"name":"login","decl":{"start":{"line":56,"column":22},"end":{"line":56,"column":28}},"loc":{"start":{"line":56,"column":74},"end":{"line":71,"column":null}},"line":56},"5":{"name":"register","decl":{"start":{"line":74,"column":22},"end":{"line":74,"column":31}},"loc":{"start":{"line":74,"column":80},"end":{"line":89,"column":null}},"line":74}},"branchMap":{"0":{"loc":{"start":{"line":34,"column":2},"end":{"line":34,"column":null}},"type":"if","locations":[{"start":{"line":34,"column":2},"end":{"line":34,"column":null}},{"start":{},"end":{}}],"line":34},"1":{"loc":{"start":{"line":34,"column":6},"end":{"line":34,"column":36}},"type":"binary-expr","locations":[{"start":{"line":34,"column":6},"end":{"line":34,"column":16}},{"start":{"line":34,"column":16},"end":{"line":34,"column":27}},{"start":{"line":34,"column":27},"end":{"line":34,"column":36}}],"line":34},"2":{"loc":{"start":{"line":63,"column":2},"end":{"line":65,"column":null}},"type":"if","locations":[{"start":{"line":63,"column":2},"end":{"line":65,"column":null}},{"start":{},"end":{}}],"line":63},"3":{"loc":{"start":{"line":66,"column":2},"end":{"line":68,"column":null}},"type":"if","locations":[{"start":{"line":66,"column":2},"end":{"line":68,"column":null}},{"start":{},"end":{}}],"line":66},"4":{"loc":{"start":{"line":81,"column":2},"end":{"line":83,"column":null}},"type":"if","locations":[{"start":{"line":81,"column":2},"end":{"line":83,"column":null}},{"start":{},"end":{}}],"line":81},"5":{"loc":{"start":{"line":84,"column":2},"end":{"line":86,"column":null}},"type":"if","locations":[{"start":{"line":84,"column":2},"end":{"line":86,"column":null}},{"start":{},"end":{}}],"line":84}},"s":{"0":4,"1":4,"2":4,"3":3,"4":3,"5":3,"6":3,"7":2,"8":1,"9":12,"10":2,"11":2,"12":2,"13":1,"14":1,"15":1,"16":2,"17":2,"18":1,"19":1,"20":0,"21":1,"22":1,"23":1,"24":1,"25":0,"26":0,"27":0},"f":{"0":3,"1":12,"2":2,"3":1,"4":2,"5":1},"b":{"0":[2,1],"1":[3,2,1],"2":[1,1],"3":[0,1],"4":[1,0],"5":[0,0]},"meta":{"lastBranch":6,"lastFunction":6,"lastStatement":28,"seen":{"s:3:18:3:Infinity":0,"s:4:19:4:Infinity":1,"s:5:20:5:Infinity":2,"f:29:16:29:53":0,"s:30:16:30:Infinity":3,"s:31:17:31:Infinity":4,"s:32:17:32:Infinity":5,"b:34:2:34:Infinity:undefined:undefined:undefined:undefined":0,"s:34:2:34:Infinity":6,"b:34:6:34:16:34:16:34:27:34:27:34:36":1,"s:34:36:34:Infinity":7,"s:36:2:36:Infinity":8,"f:39:16:39:42":1,"s:40:2:40:Infinity":9,"f:43:16:43:28":2,"s:44:2:44:Infinity":10,"s:45:2:45:Infinity":11,"s:46:2:46:Infinity":12,"f:49:16:49:34":3,"s:50:2:50:Infinity":13,"s:51:2:51:Infinity":14,"s:52:2:52:Infinity":15,"f:56:22:56:28":4,"s:57:14:61:Infinity":16,"b:63:2:65:Infinity:undefined:undefined:undefined:undefined":2,"s:63:2:65:Infinity":17,"s:64:4:64:Infinity":18,"b:66:2:68:Infinity:undefined:undefined:undefined:undefined":3,"s:66:2:68:Infinity":19,"s:67:4:67:Infinity":20,"s:70:2:70:Infinity":21,"f:74:22:74:31":5,"s:75:14:79:Infinity":22,"b:81:2:83:Infinity:undefined:undefined:undefined:undefined":4,"s:81:2:83:Infinity":23,"s:82:4:82:Infinity":24,"b:84:2:86:Infinity:undefined:undefined:undefined:undefined":5,"s:84:2:86:Infinity":25,"s:85:4:85:Infinity":26,"s:88:2:88:Infinity":27},"fnNames":{}}}
,"C:\\Users\\flori\\Documents\\ADA\\Projet_ZoliBlog\\java_blog\\site\\src\\api\\commentaires.ts": {"path":"C:\\Users\\flori\\Documents\\ADA\\Projet_ZoliBlog\\java_blog\\site\\src\\api\\commentaires.ts","statementMap":{"0":{"start":{"line":18,"column":16},"end":{"line":18,"column":25}},"1":{"start":{"line":19,"column":2},"end":{"line":21,"column":null}},"2":{"start":{"line":20,"column":4},"end":{"line":20,"column":null}},"3":{"start":{"line":22,"column":2},"end":{"line":25,"column":null}},"4":{"start":{"line":29,"column":14},"end":{"line":29,"column":null}},"5":{"start":{"line":30,"column":2},"end":{"line":32,"column":null}},"6":{"start":{"line":31,"column":4},"end":{"line":31,"column":null}},"7":{"start":{"line":33,"column":2},"end":{"line":33,"column":null}},"8":{"start":{"line":40,"column":16},"end":{"line":40,"column":25}},"9":{"start":{"line":42,"column":2},"end":{"line":44,"column":null}},"10":{"start":{"line":43,"column":4},"end":{"line":43,"column":null}},"11":{"start":{"line":46,"column":14},"end":{"line":50,"column":null}},"12":{"start":{"line":52,"column":2},"end":{"line":54,"column":null}},"13":{"start":{"line":53,"column":4},"end":{"line":53,"column":null}},"14":{"start":{"line":55,"column":2},"end":{"line":57,"column":null}},"15":{"start":{"line":56,"column":4},"end":{"line":56,"column":null}},"16":{"start":{"line":58,"column":2},"end":{"line":60,"column":null}},"17":{"start":{"line":59,"column":4},"end":{"line":59,"column":null}},"18":{"start":{"line":62,"column":2},"end":{"line":62,"column":null}},"19":{"start":{"line":66,"column":16},"end":{"line":66,"column":25}},"20":{"start":{"line":68,"column":2},"end":{"line":70,"column":null}},"21":{"start":{"line":69,"column":4},"end":{"line":69,"column":null}},"22":{"start":{"line":72,"column":14},"end":{"line":76,"column":null}},"23":{"start":{"line":78,"column":2},"end":{"line":80,"column":null}},"24":{"start":{"line":79,"column":4},"end":{"line":79,"column":null}},"25":{"start":{"line":81,"column":2},"end":{"line":83,"column":null}},"26":{"start":{"line":82,"column":4},"end":{"line":82,"column":null}},"27":{"start":{"line":84,"column":2},"end":{"line":86,"column":null}},"28":{"start":{"line":85,"column":4},"end":{"line":85,"column":null}},"29":{"start":{"line":88,"column":2},"end":{"line":88,"column":null}},"30":{"start":{"line":92,"column":16},"end":{"line":92,"column":25}},"31":{"start":{"line":94,"column":2},"end":{"line":96,"column":null}},"32":{"start":{"line":95,"column":4},"end":{"line":95,"column":null}},"33":{"start":{"line":98,"column":14},"end":{"line":101,"column":null}},"34":{"start":{"line":103,"column":2},"end":{"line":105,"column":null}},"35":{"start":{"line":104,"column":4},"end":{"line":104,"column":null}},"36":{"start":{"line":106,"column":2},"end":{"line":108,"column":null}},"37":{"start":{"line":107,"column":4},"end":{"line":107,"column":null}},"38":{"start":{"line":109,"column":2},"end":{"line":111,"column":null}},"39":{"start":{"line":110,"column":4},"end":{"line":110,"column":null}}},"fnMap":{"0":{"name":"authJsonHeaders","decl":{"start":{"line":17,"column":9},"end":{"line":17,"column":51}},"loc":{"start":{"line":17,"column":51},"end":{"line":26,"column":null}},"line":17},"1":{"name":"fetchComments","decl":{"start":{"line":28,"column":22},"end":{"line":28,"column":36}},"loc":{"start":{"line":28,"column":79},"end":{"line":34,"column":null}},"line":28},"2":{"name":"createComment","decl":{"start":{"line":36,"column":22},"end":{"line":36,"column":null}},"loc":{"start":{"line":39,"column":24},"end":{"line":63,"column":null}},"line":39},"3":{"name":"updateComment","decl":{"start":{"line":65,"column":22},"end":{"line":65,"column":36}},"loc":{"start":{"line":65,"column":87},"end":{"line":89,"column":null}},"line":65},"4":{"name":"deleteComment","decl":{"start":{"line":91,"column":22},"end":{"line":91,"column":36}},"loc":{"start":{"line":91,"column":63},"end":{"line":112,"column":null}},"line":91}},"branchMap":{"0":{"loc":{"start":{"line":19,"column":2},"end":{"line":21,"column":null}},"type":"if","locations":[{"start":{"line":19,"column":2},"end":{"line":21,"column":null}},{"start":{},"end":{}}],"line":19},"1":{"loc":{"start":{"line":30,"column":2},"end":{"line":32,"column":null}},"type":"if","locations":[{"start":{"line":30,"column":2},"end":{"line":32,"column":null}},{"start":{},"end":{}}],"line":30},"2":{"loc":{"start":{"line":42,"column":2},"end":{"line":44,"column":null}},"type":"if","locations":[{"start":{"line":42,"column":2},"end":{"line":44,"column":null}},{"start":{},"end":{}}],"line":42},"3":{"loc":{"start":{"line":52,"column":2},"end":{"line":54,"column":null}},"type":"if","locations":[{"start":{"line":52,"column":2},"end":{"line":54,"column":null}},{"start":{},"end":{}}],"line":52},"4":{"loc":{"start":{"line":55,"column":2},"end":{"line":57,"column":null}},"type":"if","locations":[{"start":{"line":55,"column":2},"end":{"line":57,"column":null}},{"start":{},"end":{}}],"line":55},"5":{"loc":{"start":{"line":58,"column":2},"end":{"line":60,"column":null}},"type":"if","locations":[{"start":{"line":58,"column":2},"end":{"line":60,"column":null}},{"start":{},"end":{}}],"line":58},"6":{"loc":{"start":{"line":68,"column":2},"end":{"line":70,"column":null}},"type":"if","locations":[{"start":{"line":68,"column":2},"end":{"line":70,"column":null}},{"start":{},"end":{}}],"line":68},"7":{"loc":{"start":{"line":78,"column":2},"end":{"line":80,"column":null}},"type":"if","locations":[{"start":{"line":78,"column":2},"end":{"line":80,"column":null}},{"start":{},"end":{}}],"line":78},"8":{"loc":{"start":{"line":81,"column":2},"end":{"line":83,"column":null}},"type":"if","locations":[{"start":{"line":81,"column":2},"end":{"line":83,"column":null}},{"start":{},"end":{}}],"line":81},"9":{"loc":{"start":{"line":84,"column":2},"end":{"line":86,"column":null}},"type":"if","locations":[{"start":{"line":84,"column":2},"end":{"line":86,"column":null}},{"start":{},"end":{}}],"line":84},"10":{"loc":{"start":{"line":94,"column":2},"end":{"line":96,"column":null}},"type":"if","locations":[{"start":{"line":94,"column":2},"end":{"line":96,"column":null}},{"start":{},"end":{}}],"line":94},"11":{"loc":{"start":{"line":103,"column":2},"end":{"line":105,"column":null}},"type":"if","locations":[{"start":{"line":103,"column":2},"end":{"line":105,"column":null}},{"start":{},"end":{}}],"line":103},"12":{"loc":{"start":{"line":106,"column":2},"end":{"line":108,"column":null}},"type":"if","locations":[{"start":{"line":106,"column":2},"end":{"line":108,"column":null}},{"start":{},"end":{}}],"line":106},"13":{"loc":{"start":{"line":109,"column":2},"end":{"line":111,"column":null}},"type":"if","locations":[{"start":{"line":109,"column":2},"end":{"line":111,"column":null}},{"start":{},"end":{}}],"line":109}},"s":{"0":4,"1":4,"2":0,"3":4,"4":1,"5":1,"6":0,"7":1,"8":3,"9":3,"10":1,"11":2,"12":2,"13":1,"14":1,"15":0,"16":1,"17":0,"18":1,"19":2,"20":2,"21":1,"22":1,"23":1,"24":0,"25":1,"26":1,"27":0,"28":0,"29":0,"30":1,"31":1,"32":0,"33":1,"34":1,"35":0,"36":1,"37":0,"38":1,"39":0},"f":{"0":4,"1":1,"2":3,"3":2,"4":1},"b":{"0":[0,4],"1":[0,1],"2":[1,2],"3":[1,1],"4":[0,1],"5":[0,1],"6":[1,1],"7":[0,1],"8":[1,0],"9":[0,0],"10":[0,1],"11":[0,1],"12":[0,1],"13":[0,1]},"meta":{"lastBranch":14,"lastFunction":5,"lastStatement":40,"seen":{"f:17:9:17:51":0,"s:18:16:18:25":0,"b:19:2:21:Infinity:undefined:undefined:undefined:undefined":0,"s:19:2:21:Infinity":1,"s:20:4:20:Infinity":2,"s:22:2:25:Infinity":3,"f:28:22:28:36":1,"s:29:14:29:Infinity":4,"b:30:2:32:Infinity:undefined:undefined:undefined:undefined":1,"s:30:2:32:Infinity":5,"s:31:4:31:Infinity":6,"s:33:2:33:Infinity":7,"f:36:22:36:Infinity":2,"s:40:16:40:25":8,"b:42:2:44:Infinity:undefined:undefined:undefined:undefined":2,"s:42:2:44:Infinity":9,"s:43:4:43:Infinity":10,"s:46:14:50:Infinity":11,"b:52:2:54:Infinity:undefined:undefined:undefined:undefined":3,"s:52:2:54:Infinity":12,"s:53:4:53:Infinity":13,"b:55:2:57:Infinity:undefined:undefined:undefined:undefined":4,"s:55:2:57:Infinity":14,"s:56:4:56:Infinity":15,"b:58:2:60:Infinity:undefined:undefined:undefined:undefined":5,"s:58:2:60:Infinity":16,"s:59:4:59:Infinity":17,"s:62:2:62:Infinity":18,"f:65:22:65:36":3,"s:66:16:66:25":19,"b:68:2:70:Infinity:undefined:undefined:undefined:undefined":6,"s:68:2:70:Infinity":20,"s:69:4:69:Infinity":21,"s:72:14:76:Infinity":22,"b:78:2:80:Infinity:undefined:undefined:undefined:undefined":7,"s:78:2:80:Infinity":23,"s:79:4:79:Infinity":24,"b:81:2:83:Infinity:undefined:undefined:undefined:undefined":8,"s:81:2:83:Infinity":25,"s:82:4:82:Infinity":26,"b:84:2:86:Infinity:undefined:undefined:undefined:undefined":9,"s:84:2:86:Infinity":27,"s:85:4:85:Infinity":28,"s:88:2:88:Infinity":29,"f:91:22:91:36":4,"s:92:16:92:25":30,"b:94:2:96:Infinity:undefined:undefined:undefined:undefined":10,"s:94:2:96:Infinity":31,"s:95:4:95:Infinity":32,"s:98:14:101:Infinity":33,"b:103:2:105:Infinity:undefined:undefined:undefined:undefined":11,"s:103:2:105:Infinity":34,"s:104:4:104:Infinity":35,"b:106:2:108:Infinity:undefined:undefined:undefined:undefined":12,"s:106:2:108:Infinity":36,"s:107:4:107:Infinity":37,"b:109:2:111:Infinity:undefined:undefined:undefined:undefined":13,"s:109:2:111:Infinity":38,"s:110:4:110:Infinity":39},"fnNames":{}}}
,"C:\\Users\\flori\\Documents\\ADA\\Projet_ZoliBlog\\java_blog\\site\\src\\store\\authStore.ts": {"path":"C:\\Users\\flori\\Documents\\ADA\\Projet_ZoliBlog\\java_blog\\site\\src\\store\\authStore.ts","statementMap":{"0":{"start":{"line":33,"column":15},"end":{"line":33,"column":29}},"1":{"start":{"line":35,"column":28},"end":{"line":84,"column":null}},"2":{"start":{"line":35,"column":56},"end":{"line":84,"column":2}},"3":{"start":{"line":43,"column":4},"end":{"line":43,"column":null}},"4":{"start":{"line":44,"column":4},"end":{"line":58,"column":null}},"5":{"start":{"line":45,"column":19},"end":{"line":45,"column":null}},"6":{"start":{"line":46,"column":6},"end":{"line":46,"column":null}},"7":{"start":{"line":47,"column":6},"end":{"line":52,"column":null}},"8":{"start":{"line":53,"column":6},"end":{"line":53,"column":null}},"9":{"start":{"line":55,"column":22},"end":{"line":55,"column":null}},"10":{"start":{"line":56,"column":6},"end":{"line":56,"column":null}},"11":{"start":{"line":57,"column":6},"end":{"line":57,"column":null}},"12":{"start":{"line":62,"column":4},"end":{"line":62,"column":null}},"13":{"start":{"line":63,"column":4},"end":{"line":77,"column":null}},"14":{"start":{"line":64,"column":19},"end":{"line":64,"column":null}},"15":{"start":{"line":65,"column":6},"end":{"line":65,"column":null}},"16":{"start":{"line":66,"column":6},"end":{"line":71,"column":null}},"17":{"start":{"line":72,"column":6},"end":{"line":72,"column":null}},"18":{"start":{"line":74,"column":22},"end":{"line":74,"column":null}},"19":{"start":{"line":75,"column":6},"end":{"line":75,"column":null}},"20":{"start":{"line":76,"column":6},"end":{"line":76,"column":null}},"21":{"start":{"line":81,"column":4},"end":{"line":81,"column":null}},"22":{"start":{"line":82,"column":4},"end":{"line":82,"column":null}}},"fnMap":{"0":{"name":"(anonymous_0)","decl":{"start":{"line":35,"column":28},"end":{"line":35,"column":47}},"loc":{"start":{"line":35,"column":56},"end":{"line":84,"column":2}},"line":35},"1":{"name":"login","decl":{"start":{"line":42,"column":8},"end":{"line":42,"column":14}},"loc":{"start":{"line":42,"column":23},"end":{"line":59,"column":null}},"line":42},"2":{"name":"register","decl":{"start":{"line":61,"column":8},"end":{"line":61,"column":17}},"loc":{"start":{"line":61,"column":26},"end":{"line":78,"column":null}},"line":61},"3":{"name":"logout","decl":{"start":{"line":80,"column":2},"end":{"line":80,"column":11}},"loc":{"start":{"line":80,"column":11},"end":{"line":83,"column":null}},"line":80}},"branchMap":{"0":{"loc":{"start":{"line":36,"column":9},"end":{"line":36,"column":null}},"type":"binary-expr","locations":[{"start":{"line":36,"column":9},"end":{"line":36,"column":26}},{"start":{"line":36,"column":26},"end":{"line":36,"column":null}}],"line":36},"1":{"loc":{"start":{"line":37,"column":10},"end":{"line":37,"column":null}},"type":"binary-expr","locations":[{"start":{"line":37,"column":10},"end":{"line":37,"column":28}},{"start":{"line":37,"column":28},"end":{"line":37,"column":null}}],"line":37},"2":{"loc":{"start":{"line":38,"column":10},"end":{"line":38,"column":null}},"type":"binary-expr","locations":[{"start":{"line":38,"column":10},"end":{"line":38,"column":28}},{"start":{"line":38,"column":28},"end":{"line":38,"column":null}}],"line":38},"3":{"loc":{"start":{"line":55,"column":22},"end":{"line":55,"column":null}},"type":"cond-expr","locations":[{"start":{"line":55,"column":45},"end":{"line":55,"column":59}},{"start":{"line":55,"column":59},"end":{"line":55,"column":null}}],"line":55},"4":{"loc":{"start":{"line":74,"column":22},"end":{"line":74,"column":null}},"type":"cond-expr","locations":[{"start":{"line":74,"column":45},"end":{"line":74,"column":59}},{"start":{"line":74,"column":59},"end":{"line":74,"column":null}}],"line":74}},"s":{"0":1,"1":1,"2":1,"3":2,"4":2,"5":2,"6":1,"7":1,"8":1,"9":1,"10":1,"11":1,"12":1,"13":1,"14":1,"15":1,"16":1,"17":1,"18":0,"19":0,"20":0,"21":1,"22":1},"f":{"0":1,"1":2,"2":1,"3":1},"b":{"0":[1,1],"1":[1,1],"2":[1,1],"3":[1,0],"4":[0,0]},"meta":{"lastBranch":5,"lastFunction":4,"lastStatement":23,"seen":{"s:33:15:33:29":0,"s:35:28:84:Infinity":1,"f:35:28:35:47":0,"s:35:56:84:2":2,"b:36:9:36:26:36:26:36:Infinity":0,"b:37:10:37:28:37:28:37:Infinity":1,"b:38:10:38:28:38:28:38:Infinity":2,"f:42:8:42:14":1,"s:43:4:43:Infinity":3,"s:44:4:58:Infinity":4,"s:45:19:45:Infinity":5,"s:46:6:46:Infinity":6,"s:47:6:52:Infinity":7,"s:53:6:53:Infinity":8,"s:55:22:55:Infinity":9,"b:55:45:55:59:55:59:55:Infinity":3,"s:56:6:56:Infinity":10,"s:57:6:57:Infinity":11,"f:61:8:61:17":2,"s:62:4:62:Infinity":12,"s:63:4:77:Infinity":13,"s:64:19:64:Infinity":14,"s:65:6:65:Infinity":15,"s:66:6:71:Infinity":16,"s:72:6:72:Infinity":17,"s:74:22:74:Infinity":18,"b:74:45:74:59:74:59:74:Infinity":4,"s:75:6:75:Infinity":19,"s:76:6:76:Infinity":20,"f:80:2:80:11":3,"s:81:4:81:Infinity":21,"s:82:4:82:Infinity":22},"fnNames":{}}}
,"C:\\Users\\flori\\Documents\\ADA\\Projet_ZoliBlog\\java_blog\\site\\src\\store\\blogStore.ts": {"path":"C:\\Users\\flori\\Documents\\ADA\\Projet_ZoliBlog\\java_blog\\site\\src\\store\\blogStore.ts","statementMap":{"0":{"start":{"line":54,"column":2},"end":{"line":56,"column":null}},"1":{"start":{"line":55,"column":4},"end":{"line":55,"column":null}},"2":{"start":{"line":57,"column":2},"end":{"line":57,"column":null}},"3":{"start":{"line":60,"column":28},"end":{"line":212,"column":null}},"4":{"start":{"line":60,"column":61},"end":{"line":212,"column":2}},"5":{"start":{"line":70,"column":4},"end":{"line":70,"column":null}},"6":{"start":{"line":71,"column":4},"end":{"line":77,"column":null}},"7":{"start":{"line":72,"column":25},"end":{"line":72,"column":47}},"8":{"start":{"line":73,"column":6},"end":{"line":73,"column":null}},"9":{"start":{"line":75,"column":22},"end":{"line":75,"column":null}},"10":{"start":{"line":76,"column":6},"end":{"line":76,"column":null}},"11":{"start":{"line":81,"column":35},"end":{"line":81,"column":null}},"12":{"start":{"line":82,"column":4},"end":{"line":82,"column":null}},"13":{"start":{"line":83,"column":4},"end":{"line":90,"column":null}},"14":{"start":{"line":84,"column":23},"end":{"line":84,"column":null}},"15":{"start":{"line":85,"column":23},"end":{"line":85,"column":null}},"16":{"start":{"line":86,"column":6},"end":{"line":86,"column":null}},"17":{"start":{"line":88,"column":22},"end":{"line":88,"column":null}},"18":{"start":{"line":89,"column":6},"end":{"line":89,"column":null}},"19":{"start":{"line":94,"column":4},"end":{"line":94,"column":null}},"20":{"start":{"line":95,"column":4},"end":{"line":102,"column":null}},"21":{"start":{"line":96,"column":23},"end":{"line":96,"column":null}},"22":{"start":{"line":97,"column":23},"end":{"line":97,"column":null}},"23":{"start":{"line":98,"column":6},"end":{"line":98,"column":null}},"24":{"start":{"line":100,"column":22},"end":{"line":100,"column":null}},"25":{"start":{"line":101,"column":6},"end":{"line":101,"column":null}},"26":{"start":{"line":109,"column":4},"end":{"line":113,"column":null}},"27":{"start":{"line":114,"column":4},"end":{"line":131,"column":null}},"28":{"start":{"line":115,"column":22},"end":{"line":115,"column":null}},"29":{"start":{"line":116,"column":6},"end":{"line":122,"column":null}},"30":{"start":{"line":117,"column":8},"end":{"line":120,"column":null}},"31":{"start":{"line":121,"column":8},"end":{"line":121,"column":null}},"32":{"start":{"line":123,"column":25},"end":{"line":123,"column":null}},"33":{"start":{"line":124,"column":6},"end":{"line":127,"column":null}},"34":{"start":{"line":129,"column":22},"end":{"line":129,"column":null}},"35":{"start":{"line":130,"column":6},"end":{"line":130,"column":null}},"36":{"start":{"line":134,"column":4},"end":{"line":142,"column":null}},"37":{"start":{"line":149,"column":4},"end":{"line":149,"column":null}},"38":{"start":{"line":150,"column":4},"end":{"line":157,"column":null}},"39":{"start":{"line":151,"column":23},"end":{"line":151,"column":null}},"40":{"start":{"line":152,"column":6},"end":{"line":152,"column":null}},"41":{"start":{"line":155,"column":8},"end":{"line":155,"column":null}},"42":{"start":{"line":156,"column":6},"end":{"line":156,"column":null}},"43":{"start":{"line":163,"column":4},"end":{"line":163,"column":null}},"44":{"start":{"line":164,"column":4},"end":{"line":175,"column":null}},"45":{"start":{"line":165,"column":22},"end":{"line":165,"column":null}},"46":{"start":{"line":166,"column":6},"end":{"line":169,"column":null}},"47":{"start":{"line":170,"column":6},"end":{"line":170,"column":null}},"48":{"start":{"line":172,"column":22},"end":{"line":172,"column":null}},"49":{"start":{"line":173,"column":6},"end":{"line":173,"column":null}},"50":{"start":{"line":174,"column":6},"end":{"line":174,"column":null}},"51":{"start":{"line":182,"column":4},"end":{"line":182,"column":null}},"52":{"start":{"line":183,"column":4},"end":{"line":194,"column":null}},"53":{"start":{"line":184,"column":22},"end":{"line":184,"column":null}},"54":{"start":{"line":185,"column":6},"end":{"line":188,"column":null}},"55":{"start":{"line":186,"column":45},"end":{"line":186,"column":71}},"56":{"start":{"line":189,"column":6},"end":{"line":189,"column":null}},"57":{"start":{"line":191,"column":22},"end":{"line":191,"column":null}},"58":{"start":{"line":192,"column":6},"end":{"line":192,"column":null}},"59":{"start":{"line":193,"column":6},"end":{"line":193,"column":null}},"60":{"start":{"line":197,"column":4},"end":{"line":197,"column":null}},"61":{"start":{"line":198,"column":4},"end":{"line":210,"column":null}},"62":{"start":{"line":199,"column":6},"end":{"line":199,"column":null}},"63":{"start":{"line":200,"column":6},"end":{"line":203,"column":null}},"64":{"start":{"line":201,"column":47},"end":{"line":201,"column":58}},"65":{"start":{"line":204,"column":6},"end":{"line":204,"column":null}},"66":{"start":{"line":207,"column":8},"end":{"line":207,"column":null}},"67":{"start":{"line":208,"column":6},"end":{"line":208,"column":null}},"68":{"start":{"line":209,"column":6},"end":{"line":209,"column":null}}},"fnMap":{"0":{"name":"loadArticlesForFilter","decl":{"start":{"line":53,"column":15},"end":{"line":53,"column":37}},"loc":{"start":{"line":53,"column":92},"end":{"line":58,"column":null}},"line":53},"1":{"name":"(anonymous_1)","decl":{"start":{"line":60,"column":28},"end":{"line":60,"column":47}},"loc":{"start":{"line":60,"column":61},"end":{"line":212,"column":2}},"line":60},"2":{"name":"loadCategories","decl":{"start":{"line":69,"column":8},"end":{"line":69,"column":25}},"loc":{"start":{"line":69,"column":25},"end":{"line":78,"column":null}},"line":69},"3":{"name":"loadArticles","decl":{"start":{"line":80,"column":8},"end":{"line":80,"column":23}},"loc":{"start":{"line":80,"column":23},"end":{"line":91,"column":null}},"line":80},"4":{"name":"setSelectedCategoryId","decl":{"start":{"line":93,"column":8},"end":{"line":93,"column":30}},"loc":{"start":{"line":93,"column":49},"end":{"line":103,"column":null}},"line":93},"5":{"name":"loadArticle","decl":{"start":{"line":108,"column":8},"end":{"line":108,"column":20}},"loc":{"start":{"line":108,"column":32},"end":{"line":132,"column":null}},"line":108},"6":{"name":"resetCurrentArticle","decl":{"start":{"line":133,"column":2},"end":{"line":133,"column":24}},"loc":{"start":{"line":133,"column":24},"end":{"line":143,"column":null}},"line":133},"7":{"name":"loadComments","decl":{"start":{"line":148,"column":8},"end":{"line":148,"column":21}},"loc":{"start":{"line":148,"column":40},"end":{"line":158,"column":null}},"line":148},"8":{"name":"submitComment","decl":{"start":{"line":162,"column":8},"end":{"line":162,"column":22}},"loc":{"start":{"line":162,"column":70},"end":{"line":176,"column":null}},"line":162},"9":{"name":"updateComment","decl":{"start":{"line":181,"column":8},"end":{"line":181,"column":22}},"loc":{"start":{"line":181,"column":51},"end":{"line":195,"column":null}},"line":181},"10":{"name":"(anonymous_10)","decl":{"start":{"line":186,"column":33},"end":{"line":186,"column":38}},"loc":{"start":{"line":186,"column":45},"end":{"line":186,"column":71}},"line":186},"11":{"name":"deleteComment","decl":{"start":{"line":196,"column":8},"end":{"line":196,"column":22}},"loc":{"start":{"line":196,"column":34},"end":{"line":211,"column":null}},"line":196},"12":{"name":"(anonymous_12)","decl":{"start":{"line":201,"column":33},"end":{"line":201,"column":41}},"loc":{"start":{"line":201,"column":47},"end":{"line":201,"column":58}},"line":201}},"branchMap":{"0":{"loc":{"start":{"line":54,"column":2},"end":{"line":56,"column":null}},"type":"if","locations":[{"start":{"line":54,"column":2},"end":{"line":56,"column":null}},{"start":{},"end":{}}],"line":54},"1":{"loc":{"start":{"line":75,"column":22},"end":{"line":75,"column":null}},"type":"cond-expr","locations":[{"start":{"line":75,"column":45},"end":{"line":75,"column":59}},{"start":{"line":75,"column":59},"end":{"line":75,"column":null}}],"line":75},"2":{"loc":{"start":{"line":88,"column":22},"end":{"line":88,"column":null}},"type":"cond-expr","locations":[{"start":{"line":88,"column":45},"end":{"line":88,"column":59}},{"start":{"line":88,"column":59},"end":{"line":88,"column":null}}],"line":88},"3":{"loc":{"start":{"line":100,"column":22},"end":{"line":100,"column":null}},"type":"cond-expr","locations":[{"start":{"line":100,"column":45},"end":{"line":100,"column":59}},{"start":{"line":100,"column":59},"end":{"line":100,"column":null}}],"line":100},"4":{"loc":{"start":{"line":116,"column":6},"end":{"line":122,"column":null}},"type":"if","locations":[{"start":{"line":116,"column":6},"end":{"line":122,"column":null}},{"start":{},"end":{}}],"line":116},"5":{"loc":{"start":{"line":129,"column":22},"end":{"line":129,"column":null}},"type":"cond-expr","locations":[{"start":{"line":129,"column":45},"end":{"line":129,"column":59}},{"start":{"line":129,"column":59},"end":{"line":129,"column":null}}],"line":129},"6":{"loc":{"start":{"line":155,"column":8},"end":{"line":155,"column":null}},"type":"cond-expr","locations":[{"start":{"line":155,"column":31},"end":{"line":155,"column":45}},{"start":{"line":155,"column":45},"end":{"line":155,"column":null}}],"line":155},"7":{"loc":{"start":{"line":172,"column":22},"end":{"line":172,"column":null}},"type":"cond-expr","locations":[{"start":{"line":172,"column":45},"end":{"line":172,"column":59}},{"start":{"line":172,"column":59},"end":{"line":172,"column":null}}],"line":172},"8":{"loc":{"start":{"line":186,"column":45},"end":{"line":186,"column":71}},"type":"cond-expr","locations":[{"start":{"line":186,"column":59},"end":{"line":186,"column":69}},{"start":{"line":186,"column":69},"end":{"line":186,"column":71}}],"line":186},"9":{"loc":{"start":{"line":191,"column":22},"end":{"line":191,"column":null}},"type":"cond-expr","locations":[{"start":{"line":191,"column":45},"end":{"line":191,"column":59}},{"start":{"line":191,"column":59},"end":{"line":191,"column":null}}],"line":191},"10":{"loc":{"start":{"line":207,"column":8},"end":{"line":207,"column":null}},"type":"cond-expr","locations":[{"start":{"line":207,"column":31},"end":{"line":207,"column":45}},{"start":{"line":207,"column":45},"end":{"line":207,"column":null}}],"line":207}},"s":{"0":2,"1":1,"2":1,"3":1,"4":1,"5":1,"6":1,"7":1,"8":1,"9":0,"10":0,"11":1,"12":1,"13":1,"14":1,"15":1,"16":1,"17":0,"18":0,"19":1,"20":1,"21":1,"22":1,"23":1,"24":0,"25":0,"26":2,"27":2,"28":2,"29":2,"30":1,"31":1,"32":1,"33":1,"34":0,"35":0,"36":1,"37":1,"38":1,"39":1,"40":0,"41":1,"42":1,"43":1,"44":1,"45":1,"46":1,"47":1,"48":0,"49":0,"50":0,"51":1,"52":1,"53":1,"54":1,"55":1,"56":1,"57":0,"58":0,"59":0,"60":1,"61":1,"62":1,"63":1,"64":1,"65":1,"66":0,"67":0,"68":0},"f":{"0":2,"1":1,"2":1,"3":1,"4":1,"5":2,"6":1,"7":1,"8":1,"9":1,"10":1,"11":1,"12":1},"b":{"0":[1,1],"1":[0,0],"2":[0,0],"3":[0,0],"4":[1,1],"5":[0,0],"6":[1,0],"7":[0,0],"8":[1,0],"9":[0,0],"10":[0,0]},"meta":{"lastBranch":11,"lastFunction":13,"lastStatement":69,"seen":{"f:53:15:53:37":0,"b:54:2:56:Infinity:undefined:undefined:undefined:undefined":0,"s:54:2:56:Infinity":0,"s:55:4:55:Infinity":1,"s:57:2:57:Infinity":2,"s:60:28:212:Infinity":3,"f:60:28:60:47":1,"s:60:61:212:2":4,"f:69:8:69:25":2,"s:70:4:70:Infinity":5,"s:71:4:77:Infinity":6,"s:72:25:72:47":7,"s:73:6:73:Infinity":8,"s:75:22:75:Infinity":9,"b:75:45:75:59:75:59:75:Infinity":1,"s:76:6:76:Infinity":10,"f:80:8:80:23":3,"s:81:35:81:Infinity":11,"s:82:4:82:Infinity":12,"s:83:4:90:Infinity":13,"s:84:23:84:Infinity":14,"s:85:23:85:Infinity":15,"s:86:6:86:Infinity":16,"s:88:22:88:Infinity":17,"b:88:45:88:59:88:59:88:Infinity":2,"s:89:6:89:Infinity":18,"f:93:8:93:30":4,"s:94:4:94:Infinity":19,"s:95:4:102:Infinity":20,"s:96:23:96:Infinity":21,"s:97:23:97:Infinity":22,"s:98:6:98:Infinity":23,"s:100:22:100:Infinity":24,"b:100:45:100:59:100:59:100:Infinity":3,"s:101:6:101:Infinity":25,"f:108:8:108:20":5,"s:109:4:113:Infinity":26,"s:114:4:131:Infinity":27,"s:115:22:115:Infinity":28,"b:116:6:122:Infinity:undefined:undefined:undefined:undefined":4,"s:116:6:122:Infinity":29,"s:117:8:120:Infinity":30,"s:121:8:121:Infinity":31,"s:123:25:123:Infinity":32,"s:124:6:127:Infinity":33,"s:129:22:129:Infinity":34,"b:129:45:129:59:129:59:129:Infinity":5,"s:130:6:130:Infinity":35,"f:133:2:133:24":6,"s:134:4:142:Infinity":36,"f:148:8:148:21":7,"s:149:4:149:Infinity":37,"s:150:4:157:Infinity":38,"s:151:23:151:Infinity":39,"s:152:6:152:Infinity":40,"s:155:8:155:Infinity":41,"b:155:31:155:45:155:45:155:Infinity":6,"s:156:6:156:Infinity":42,"f:162:8:162:22":8,"s:163:4:163:Infinity":43,"s:164:4:175:Infinity":44,"s:165:22:165:Infinity":45,"s:166:6:169:Infinity":46,"s:170:6:170:Infinity":47,"s:172:22:172:Infinity":48,"b:172:45:172:59:172:59:172:Infinity":7,"s:173:6:173:Infinity":49,"s:174:6:174:Infinity":50,"f:181:8:181:22":9,"s:182:4:182:Infinity":51,"s:183:4:194:Infinity":52,"s:184:22:184:Infinity":53,"s:185:6:188:Infinity":54,"f:186:33:186:38":10,"s:186:45:186:71":55,"b:186:59:186:69:186:69:186:71":8,"s:189:6:189:Infinity":56,"s:191:22:191:Infinity":57,"b:191:45:191:59:191:59:191:Infinity":9,"s:192:6:192:Infinity":58,"s:193:6:193:Infinity":59,"f:196:8:196:22":11,"s:197:4:197:Infinity":60,"s:198:4:210:Infinity":61,"s:199:6:199:Infinity":62,"s:200:6:203:Infinity":63,"f:201:33:201:41":12,"s:201:47:201:58":64,"s:204:6:204:Infinity":65,"s:207:8:207:Infinity":66,"b:207:31:207:45:207:45:207:Infinity":10,"s:208:6:208:Infinity":67,"s:209:6:209:Infinity":68},"fnNames":{}}}
,"C:\\Users\\flori\\Documents\\ADA\\Projet_ZoliBlog\\java_blog\\site\\src\\utils\\formatUtils.ts": {"path":"C:\\Users\\flori\\Documents\\ADA\\Projet_ZoliBlog\\java_blog\\site\\src\\utils\\formatUtils.ts","statementMap":{"0":{"start":{"line":2,"column":2},"end":{"line":8,"column":null}},"1":{"start":{"line":12,"column":2},"end":{"line":12,"column":null}},"2":{"start":{"line":12,"column":29},"end":{"line":12,"column":null}},"3":{"start":{"line":13,"column":2},"end":{"line":13,"column":null}},"4":{"start":{"line":17,"column":2},"end":{"line":17,"column":null}},"5":{"start":{"line":17,"column":46},"end":{"line":17,"column":null}},"6":{"start":{"line":18,"column":2},"end":{"line":18,"column":null}},"7":{"start":{"line":18,"column":31},"end":{"line":18,"column":36}}},"fnMap":{"0":{"name":"formatArticleDate","decl":{"start":{"line":1,"column":16},"end":{"line":1,"column":34}},"loc":{"start":{"line":1,"column":59},"end":{"line":9,"column":null}},"line":1},"1":{"name":"excerpt","decl":{"start":{"line":11,"column":16},"end":{"line":11,"column":24}},"loc":{"start":{"line":11,"column":60},"end":{"line":14,"column":null}},"line":11},"2":{"name":"formatCategoryList","decl":{"start":{"line":16,"column":16},"end":{"line":16,"column":35}},"loc":{"start":{"line":16,"column":93},"end":{"line":19,"column":null}},"line":16},"3":{"name":"(anonymous_3)","decl":{"start":{"line":18,"column":20},"end":{"line":18,"column":25}},"loc":{"start":{"line":18,"column":31},"end":{"line":18,"column":36}},"line":18}},"branchMap":{"0":{"loc":{"start":{"line":11,"column":38},"end":{"line":11,"column":60}},"type":"default-arg","locations":[{"start":{"line":11,"column":47},"end":{"line":11,"column":60}}],"line":11},"1":{"loc":{"start":{"line":12,"column":2},"end":{"line":12,"column":null}},"type":"if","locations":[{"start":{"line":12,"column":2},"end":{"line":12,"column":null}},{"start":{},"end":{}}],"line":12},"2":{"loc":{"start":{"line":17,"column":2},"end":{"line":17,"column":null}},"type":"if","locations":[{"start":{"line":17,"column":2},"end":{"line":17,"column":null}},{"start":{},"end":{}}],"line":17},"3":{"loc":{"start":{"line":17,"column":6},"end":{"line":17,"column":46}},"type":"binary-expr","locations":[{"start":{"line":17,"column":6},"end":{"line":17,"column":21}},{"start":{"line":17,"column":21},"end":{"line":17,"column":46}}],"line":17}},"s":{"0":1,"1":2,"2":1,"3":1,"4":3,"5":2,"6":1,"7":2},"f":{"0":1,"1":2,"2":3,"3":2},"b":{"0":[2],"1":[1,1],"2":[2,1],"3":[3,2]},"meta":{"lastBranch":4,"lastFunction":4,"lastStatement":8,"seen":{"f:1:16:1:34":0,"s:2:2:8:Infinity":0,"f:11:16:11:24":1,"b:11:47:11:60":0,"b:12:2:12:Infinity:undefined:undefined:undefined:undefined":1,"s:12:2:12:Infinity":1,"s:12:29:12:Infinity":2,"s:13:2:13:Infinity":3,"f:16:16:16:35":2,"b:17:2:17:Infinity:undefined:undefined:undefined:undefined":2,"s:17:2:17:Infinity":4,"b:17:6:17:21:17:21:17:46":3,"s:17:46:17:Infinity":5,"s:18:2:18:Infinity":6,"f:18:20:18:25":3,"s:18:31:18:36":7},"fnNames":{}}}
}
